🚆 Importing GTFS data...

📍 Importing TER...
2026/02/12 10:12:19 Starting GTFS import...
2026/02/12 10:12:19 Agency ID: dakar_ter
2026/02/12 10:12:19 GTFS file: gtfs_folder/gtfs_TER.zip
2026/02/12 10:12:19 Step 1/5: Parsing GTFS feed...
2026/02/12 10:12:19 Parsed 1 agencies
2026/02/12 10:12:19 Parsed 26 stops
2026/02/12 10:12:19 Parsed 6 routes
2026/02/12 10:12:19 Parsed 572 trips
2026/02/12 10:12:19 Parsed 7332 stop_times
2026/02/12 10:12:19 Step 2/5: Validating and cleaning stops...
2026/02/12 10:12:19 Step 3/5: Deduplicating stops...
2026/02/12 10:12:19 Deduplicating stop 544a27a5-c6c6-4b70-b217-9c15d9b4278a-00000000-0000-0000-0000-000000000000 (duplicate of 544a27a5-c6c6-4b70-b217-9c15d9b4278a, distance: 0.00m)
2026/02/12 10:12:19 Deduplicating stop c70477e7-8391-4388-9a1f-8929a18dc14e-00000000-0000-0000-0000-000000000000 (duplicate of c70477e7-8391-4388-9a1f-8929a18dc14e, distance: 0.00m)
2026/02/12 10:12:19 Deduplicating stop f405b86e-9eb3-4c36-ac95-be40a86d80af-00000000-0000-0000-0000-000000000000 (duplicate of f405b86e-9eb3-4c36-ac95-be40a86d80af, distance: 0.00m)
2026/02/12 10:12:19 Deduplicating stop 61d82f6f-1ba9-4d4e-8f39-d50329992647-00000000-0000-0000-0000-000000000000 (duplicate of 61d82f6f-1ba9-4d4e-8f39-d50329992647, distance: 0.00m)
2026/02/12 10:12:19 Deduplicating stop d802c3ec-2be9-47b8-b7f4-f8f68af520c6-00000000-0000-0000-0000-000000000000 (duplicate of d802c3ec-2be9-47b8-b7f4-f8f68af520c6, distance: 0.00m)
2026/02/12 10:12:19 Deduplicating stop 650b288f-cce1-4671-a60b-ace229206958-00000000-0000-0000-0000-000000000000 (duplicate of 650b288f-cce1-4671-a60b-ace229206958, distance: 0.00m)
2026/02/12 10:12:19 Deduplicating stop 956bedfd-e112-472e-895a-48d69ece821d-00000000-0000-0000-0000-000000000000 (duplicate of 956bedfd-e112-472e-895a-48d69ece821d, distance: 0.00m)
2026/02/12 10:12:19 Deduplicating stop f8ec6c04-478a-40e1-842c-5c9ca5030109-00000000-0000-0000-0000-000000000000 (duplicate of f8ec6c04-478a-40e1-842c-5c9ca5030109, distance: 0.00m)
2026/02/12 10:12:19 Deduplicating stop 41016cdb-2f7f-4453-a774-ad1b74a9b876-00000000-0000-0000-0000-000000000000 (duplicate of 41016cdb-2f7f-4453-a774-ad1b74a9b876, distance: 0.00m)
2026/02/12 10:12:19 Deduplicating stop 90110d84-209c-48ac-a866-df568477f21d-00000000-0000-0000-0000-000000000000 (duplicate of 90110d84-209c-48ac-a866-df568477f21d, distance: 0.00m)
2026/02/12 10:12:19 Deduplicating stop 1d859f92-c798-4291-9631-262ed863698a-00000000-0000-0000-0000-000000000000 (duplicate of 1d859f92-c798-4291-9631-262ed863698a, distance: 0.00m)
2026/02/12 10:12:19 Deduplicating stop d30b03f2-46c1-4faf-b53e-dfc6310b916a-00000000-0000-0000-0000-000000000000 (duplicate of d30b03f2-46c1-4faf-b53e-dfc6310b916a, distance: 0.00m)
2026/02/12 10:12:19 Deduplicating stop 4445e51b-971b-4f1a-a94a-1ca0c9bef411-00000000-0000-0000-0000-000000000000 (duplicate of 4445e51b-971b-4f1a-a94a-1ca0c9bef411, distance: 0.00m)
2026/02/12 10:12:19 Deduplicated 26 stops to 13 (removed 13 duplicates)
2026/02/12 10:12:19 Step 4/5: Importing stops and routes to database...
2026/02/12 10:12:19 Imported 13 stops
2026/02/12 10:12:19 Imported 6 routes
2026/02/12 10:12:19 Step 5/5: Building routing graph...
2026/02/12 10:12:19 Starting graph construction...
2026/02/12 10:12:19 Found 64 unique (stop, route) pairs
2026/02/12 10:12:19 Created 64 nodes
2026/02/12 10:12:20 Created 6760 RIDE edges
2026/02/12 10:12:20 Building WALK edges for stops within 500 meters...
2026/02/12 10:12:20 Created 0 WALK edges
2026/02/12 10:12:20 Building TRANSFER edges for same-stop transfers...
2026/02/12 10:12:20 Created 280 TRANSFER edges
2026/02/12 10:12:20 Created 7040 edges
2026/02/12 10:12:20 Analyzed table: stop
2026/02/12 10:12:20 Analyzed table: route
2026/02/12 10:12:20 Analyzed table: node
2026/02/12 10:12:20 Analyzed table: edge
2026/02/12 10:12:20 Graph construction completed successfully
2026/02/12 10:12:20 Import completed in 999.952416ms
2026/02/12 10:12:20 Import completed successfully!

📍 Importing BRT...
2026/02/12 10:12:20 Starting GTFS import...
2026/02/12 10:12:20 Agency ID: dakar_brt
2026/02/12 10:12:20 GTFS file: gtfs_folder/gtfs_BRT.zip
2026/02/12 10:12:20 Step 1/5: Parsing GTFS feed...
2026/02/12 10:12:20 Parsed 1 agencies
2026/02/12 10:12:20 Parsed 79 stops
2026/02/12 10:12:20 Parsed 2 routes
2026/02/12 10:12:20 Parsed 4036 trips
2026/02/12 10:12:20 Parsed 58674 stop_times
2026/02/12 10:12:20 Step 2/5: Validating and cleaning stops...
2026/02/12 10:12:20 Step 3/5: Deduplicating stops...
2026/02/12 10:12:20 Deduplicating stop 0:DDIA (duplicate of 0:DDIB, distance: 20.71m)
2026/02/12 10:12:20 Deduplicating stop 1:DDI (duplicate of 0:DDIB, distance: 10.35m)
2026/02/12 10:12:20 Deduplicating stop 1:SUR (duplicate of 0:SURB, distance: 21.82m)
2026/02/12 10:12:20 Deduplicating stop 1:PEP (duplicate of 0:PEP, distance: 0.00m)
2026/02/12 10:12:20 Deduplicating stop 1:PEM (duplicate of 0:PEM, distance: 0.00m)
2026/02/12 10:12:20 Deduplicating stop 1:QPEM (duplicate of 0:QPEM, distance: 0.00m)
2026/02/12 10:12:20 Deduplicating stop 1:SAC (duplicate of 0:SACA, distance: 17.21m)
2026/02/12 10:12:20 Deduplicating stop 0:PARA (duplicate of 0:PARB, distance: 6.26m)
2026/02/12 10:12:20 Deduplicating stop 1:PAR (duplicate of 0:PARB, distance: 3.13m)
2026/02/12 10:12:20 Deduplicating stop 0:PLNB (duplicate of 0:PLNA, distance: 8.13m)
2026/02/12 10:12:20 Deduplicating stop 1:PLN (duplicate of 0:PLNA, distance: 4.07m)
2026/02/12 10:12:20 Deduplicating stop 0:GMEB (duplicate of 0:GMEA, distance: 7.46m)
2026/02/12 10:12:20 Deduplicating stop 1:GME (duplicate of 0:GMEA, distance: 3.73m)
2026/02/12 10:12:20 Deduplicating stop 1:PEG (duplicate of 0:PEG, distance: 0.00m)
2026/02/12 10:12:20 Deduplicating stop 0:GDAA (duplicate of 0:GDAB, distance: 7.37m)
2026/02/12 10:12:20 Deduplicating stop 1:GDA (duplicate of 0:GDAB, distance: 3.68m)
2026/02/12 10:12:20 Deduplicating stop 0:PGFA (duplicate of 0:PGFB, distance: 10.43m)
2026/02/12 10:12:20 Deduplicating stop 1:PGF (duplicate of 0:PGFB, distance: 5.22m)
2026/02/12 10:12:20 Deduplicating stop 1:GAD (duplicate of 0:GAD, distance: 0.00m)
2026/02/12 10:12:20 Deduplicating stop 0:GDWA (duplicate of 0:GDWB, distance: 6.19m)
2026/02/12 10:12:20 Deduplicating stop 1:GDW (duplicate of 0:GDWB, distance: 3.10m)
2026/02/12 10:12:20 Deduplicating stop 0:GMOA (duplicate of 0:GMOB, distance: 15.03m)
2026/02/12 10:12:20 Deduplicating stop 1:GMO (duplicate of 0:GMOB, distance: 7.51m)
2026/02/12 10:12:20 Deduplicated 79 stops to 56 (removed 23 duplicates)
2026/02/12 10:12:20 Step 4/5: Importing stops and routes to database...
2026/02/12 10:12:20 Imported 56 stops
2026/02/12 10:12:20 Imported 2 routes
2026/02/12 10:12:20 Step 5/5: Building routing graph...
2026/02/12 10:12:20 Starting graph construction...
2026/02/12 10:12:20 Found 44 unique (stop, route) pairs
2026/02/12 10:12:20 Created 44 nodes
2026/02/12 10:12:27 Created 54638 RIDE edges
2026/02/12 10:12:27 Building WALK edges for stops within 500 meters...
2026/02/12 10:12:27 Created 60 WALK edges
2026/02/12 10:12:27 Building TRANSFER edges for same-stop transfers...
2026/02/12 10:12:27 Created 298 TRANSFER edges
2026/02/12 10:12:27 Created 54996 edges
2026/02/12 10:12:27 Analyzed table: stop
2026/02/12 10:12:27 Analyzed table: route
2026/02/12 10:12:27 Analyzed table: node
2026/02/12 10:12:27 Analyzed table: edge
2026/02/12 10:12:27 Graph construction completed successfully
2026/02/12 10:12:28 Import completed in 7.272837722s
2026/02/12 10:12:28 Import completed successfully!

📍 Importing Dem Dikk...
2026/02/12 10:12:28 Starting GTFS import...
2026/02/12 10:12:28 Agency ID: dakar_dem_dikk
2026/02/12 10:12:28 GTFS file: gtfs_folder/gtfs_Dem_Dikk.zip
2026/02/12 10:12:28 Step 1/5: Parsing GTFS feed...
2026/02/12 10:12:28 Parsed 1 agencies
2026/02/12 10:12:28 Parsed 1277 stops
2026/02/12 10:12:28 Parsed 53 routes
2026/02/12 10:12:28 Parsed 9529 trips
2026/02/12 10:12:28 Parsed 314029 stop_times
2026/02/12 10:12:28 Step 2/5: Validating and cleaning stops...
2026/02/12 10:12:28 Step 3/5: Deduplicating stops...
2026/02/12 10:12:28 Deduplicating stop D_2 (duplicate of D_1, distance: 26.26m)
2026/02/12 10:12:28 Deduplicating stop D_4 (duplicate of D_3, distance: 16.44m)
2026/02/12 10:12:28 Deduplicating stop D_6 (duplicate of D_5, distance: 24.18m)
2026/02/12 10:12:28 Deduplicating stop D_47 (duplicate of D_14, distance: 23.46m)
2026/02/12 10:12:28 Deduplicating stop D_20 (duplicate of D_18, distance: 12.92m)
2026/02/12 10:12:28 Deduplicating stop D_25 (duplicate of D_24, distance: 12.54m)
2026/02/12 10:12:28 Deduplicating stop D_1231 (duplicate of D_27, distance: 22.95m)
2026/02/12 10:12:28 Deduplicating stop D_1243 (duplicate of D_31, distance: 28.63m)
2026/02/12 10:12:28 Deduplicating stop D_48 (duplicate of D_45, distance: 17.94m)
2026/02/12 10:12:28 Deduplicating stop D_1258 (duplicate of D_56, distance: 13.57m)
2026/02/12 10:12:28 Deduplicating stop D_870 (duplicate of D_63, distance: 29.30m)
2026/02/12 10:12:28 Deduplicating stop D_75 (duplicate of D_64, distance: 26.27m)
2026/02/12 10:12:28 Deduplicating stop D_66 (duplicate of D_65, distance: 20.93m)
2026/02/12 10:12:28 Deduplicating stop D_105 (duplicate of D_91, distance: 14.95m)
2026/02/12 10:12:28 Deduplicating stop D_156 (duplicate of D_92, distance: 29.80m)
2026/02/12 10:12:28 Deduplicating stop D_98 (duplicate of D_96, distance: 9.22m)
2026/02/12 10:12:28 Deduplicating stop D_103 (duplicate of D_100, distance: 9.16m)
2026/02/12 10:12:28 Deduplicating stop D_132 (duplicate of D_102, distance: 11.41m)
2026/02/12 10:12:28 Deduplicating stop D_159 (duplicate of D_121, distance: 19.72m)
2026/02/12 10:12:28 Deduplicating stop D_131 (duplicate of D_126, distance: 14.19m)
2026/02/12 10:12:28 Deduplicating stop D_143 (duplicate of D_142, distance: 1.96m)
2026/02/12 10:12:28 Deduplicating stop D_203 (duplicate of D_161, distance: 24.74m)
2026/02/12 10:12:28 Deduplicating stop D_234 (duplicate of D_165, distance: 13.13m)
2026/02/12 10:12:28 Deduplicating stop D_961 (duplicate of D_166, distance: 12.89m)
2026/02/12 10:12:28 Deduplicating stop D_168 (duplicate of D_167, distance: 29.26m)
2026/02/12 10:12:28 Deduplicating stop D_181 (duplicate of D_169, distance: 15.01m)
2026/02/12 10:12:28 Deduplicating stop D_213 (duplicate of D_176, distance: 20.81m)
2026/02/12 10:12:28 Deduplicating stop D_215 (duplicate of D_177, distance: 21.07m)
2026/02/12 10:12:28 Deduplicating stop D_211 (duplicate of D_189, distance: 26.20m)
2026/02/12 10:12:28 Deduplicating stop D_210 (duplicate of D_190, distance: 20.67m)
2026/02/12 10:12:28 Deduplicating stop D_981 (duplicate of D_195, distance: 12.40m)
2026/02/12 10:12:28 Deduplicating stop D_199 (duplicate of D_196, distance: 10.66m)
2026/02/12 10:12:28 Deduplicating stop D_975 (duplicate of D_197, distance: 15.92m)
2026/02/12 10:12:28 Deduplicating stop D_976 (duplicate of D_198, distance: 13.58m)
2026/02/12 10:12:28 Deduplicating stop D_979 (duplicate of D_201, distance: 20.64m)
2026/02/12 10:12:28 Deduplicating stop D_233 (duplicate of D_206, distance: 3.17m)
2026/02/12 10:12:28 Deduplicating stop D_977 (duplicate of D_217, distance: 23.83m)
2026/02/12 10:12:28 Deduplicating stop D_980 (duplicate of D_220, distance: 23.61m)
2026/02/12 10:12:28 Deduplicating stop D_228 (duplicate of D_227, distance: 24.12m)
2026/02/12 10:12:28 Deduplicating stop D_982 (duplicate of D_245, distance: 11.02m)
2026/02/12 10:12:28 Deduplicating stop D_983 (duplicate of D_246, distance: 12.36m)
2026/02/12 10:12:28 Deduplicating stop D_248 (duplicate of D_247, distance: 10.82m)
2026/02/12 10:12:28 Deduplicating stop D_250 (duplicate of D_249, distance: 24.59m)
2026/02/12 10:12:28 Deduplicating stop D_984 (duplicate of D_251, distance: 24.83m)
2026/02/12 10:12:28 Deduplicating stop D_254 (duplicate of D_253, distance: 15.87m)
2026/02/12 10:12:28 Deduplicating stop D_271 (duplicate of D_258, distance: 17.55m)
2026/02/12 10:12:28 Deduplicating stop D_270 (duplicate of D_259, distance: 19.46m)
2026/02/12 10:12:28 Deduplicating stop D_269 (duplicate of D_260, distance: 25.96m)
2026/02/12 10:12:28 Deduplicating stop D_268 (duplicate of D_261, distance: 15.28m)
2026/02/12 10:12:28 Deduplicating stop D_956 (duplicate of D_276, distance: 14.31m)
2026/02/12 10:12:28 Deduplicating stop D_289 (duplicate of D_288, distance: 22.72m)
2026/02/12 10:12:28 Deduplicating stop D_294 (duplicate of D_293, distance: 14.69m)
2026/02/12 10:12:28 Deduplicating stop D_309 (duplicate of D_308, distance: 22.88m)
2026/02/12 10:12:28 Deduplicating stop D_330 (duplicate of D_329, distance: 19.30m)
2026/02/12 10:12:28 Deduplicating stop D_947 (duplicate of D_337, distance: 26.06m)
2026/02/12 10:12:28 Deduplicating stop D_986 (duplicate of D_342, distance: 25.82m)
2026/02/12 10:12:28 Deduplicating stop D_345 (duplicate of D_344, distance: 23.06m)
2026/02/12 10:12:28 Deduplicating stop D_353 (duplicate of D_352, distance: 26.89m)
2026/02/12 10:12:28 Deduplicating stop D_821 (duplicate of D_354, distance: 20.04m)
2026/02/12 10:12:28 Deduplicating stop D_985 (duplicate of D_364, distance: 18.65m)
2026/02/12 10:12:28 Deduplicating stop D_374 (duplicate of D_372, distance: 17.33m)
2026/02/12 10:12:28 Deduplicating stop D_376 (duplicate of D_375, distance: 26.58m)
2026/02/12 10:12:28 Deduplicating stop D_387 (duplicate of D_379, distance: 25.10m)
2026/02/12 10:12:28 Deduplicating stop D_395 (duplicate of D_394, distance: 14.30m)
2026/02/12 10:12:28 Deduplicating stop D_403 (duplicate of D_401, distance: 23.82m)
2026/02/12 10:12:28 Deduplicating stop D_1192 (duplicate of D_408, distance: 22.82m)
2026/02/12 10:12:28 Deduplicating stop D_843 (duplicate of D_429, distance: 14.40m)
2026/02/12 10:12:28 Deduplicating stop D_844 (duplicate of D_430, distance: 19.78m)
2026/02/12 10:12:28 Deduplicating stop D_436 (duplicate of D_435, distance: 23.06m)
2026/02/12 10:12:28 Deduplicating stop D_453 (duplicate of D_452, distance: 22.62m)
2026/02/12 10:12:28 Deduplicating stop D_456 (duplicate of D_455, distance: 13.95m)
2026/02/12 10:12:28 Deduplicating stop D_465 (duplicate of D_457, distance: 23.86m)
2026/02/12 10:12:28 Deduplicating stop D_461 (duplicate of D_460, distance: 16.34m)
2026/02/12 10:12:28 Deduplicating stop D_898 (duplicate of D_472, distance: 27.89m)
2026/02/12 10:12:28 Deduplicating stop D_561 (duplicate of D_480, distance: 24.26m)
2026/02/12 10:12:28 Deduplicating stop D_504 (duplicate of D_482, distance: 26.55m)
2026/02/12 10:12:28 Deduplicating stop D_1000 (duplicate of D_502, distance: 24.95m)
2026/02/12 10:12:28 Deduplicating stop D_546 (duplicate of D_514, distance: 23.47m)
2026/02/12 10:12:28 Deduplicating stop D_533 (duplicate of D_520, distance: 25.38m)
2026/02/12 10:12:28 Deduplicating stop D_831 (duplicate of D_522, distance: 14.07m)
2026/02/12 10:12:28 Deduplicating stop D_527 (duplicate of D_526, distance: 15.24m)
2026/02/12 10:12:28 Deduplicating stop D_545 (duplicate of D_529, distance: 28.60m)
2026/02/12 10:12:28 Deduplicating stop D_921 (duplicate of D_536, distance: 16.02m)
2026/02/12 10:12:28 Deduplicating stop D_941 (duplicate of D_537, distance: 12.27m)
2026/02/12 10:12:28 Deduplicating stop D_940 (duplicate of D_538, distance: 23.46m)
2026/02/12 10:12:28 Deduplicating stop D_544 (duplicate of D_542, distance: 18.52m)
2026/02/12 10:12:28 Deduplicating stop D_1012 (duplicate of D_557, distance: 12.28m)
2026/02/12 10:12:28 Deduplicating stop D_1013 (duplicate of D_558, distance: 12.27m)
2026/02/12 10:12:28 Deduplicating stop D_563 (duplicate of D_562, distance: 14.56m)
2026/02/12 10:12:28 Deduplicating stop D_930 (duplicate of D_565, distance: 17.99m)
2026/02/12 10:12:28 Deduplicating stop D_1011 (duplicate of D_572, distance: 29.07m)
2026/02/12 10:12:28 Deduplicating stop D_576 (duplicate of D_575, distance: 14.45m)
2026/02/12 10:12:28 Deduplicating stop D_578 (duplicate of D_577, distance: 16.77m)
2026/02/12 10:12:28 Deduplicating stop D_581 (duplicate of D_580, distance: 12.29m)
2026/02/12 10:12:28 Deduplicating stop D_794 (duplicate of D_583, distance: 3.35m)
2026/02/12 10:12:28 Deduplicating stop D_593 (duplicate of D_588, distance: 25.47m)
2026/02/12 10:12:28 Deduplicating stop D_920 (duplicate of D_598, distance: 26.14m)
2026/02/12 10:12:28 Deduplicating stop D_1006 (duplicate of D_600, distance: 10.63m)
2026/02/12 10:12:28 Deduplicating stop D_1001 (duplicate of D_601, distance: 10.34m)
2026/02/12 10:12:28 Deduplicating stop D_613 (duplicate of D_612, distance: 23.28m)
2026/02/12 10:12:28 Deduplicating stop D_620 (duplicate of D_617, distance: 14.71m)
2026/02/12 10:12:28 Deduplicating stop D_621 (duplicate of D_619, distance: 20.70m)
2026/02/12 10:12:28 Deduplicating stop D_623 (duplicate of D_622, distance: 15.99m)
2026/02/12 10:12:28 Deduplicating stop D_929 (duplicate of D_627, distance: 24.28m)
2026/02/12 10:12:28 Deduplicating stop D_1029 (duplicate of D_633, distance: 12.86m)
2026/02/12 10:12:28 Deduplicating stop D_639 (duplicate of D_638, distance: 23.66m)
2026/02/12 10:12:28 Deduplicating stop D_922 (duplicate of D_640, distance: 12.32m)
2026/02/12 10:12:28 Deduplicating stop D_892 (duplicate of D_647, distance: 22.43m)
2026/02/12 10:12:28 Deduplicating stop D_649 (duplicate of D_648, distance: 11.90m)
2026/02/12 10:12:28 Deduplicating stop D_1226 (duplicate of D_650, distance: 14.17m)
2026/02/12 10:12:28 Deduplicating stop D_904 (duplicate of D_654, distance: 27.74m)
2026/02/12 10:12:28 Deduplicating stop D_660 (duplicate of D_659, distance: 13.13m)
2026/02/12 10:12:28 Deduplicating stop D_999 (duplicate of D_659, distance: 29.70m)
2026/02/12 10:12:28 Deduplicating stop D_662 (duplicate of D_661, distance: 29.81m)
2026/02/12 10:12:28 Deduplicating stop D_998 (duplicate of D_665, distance: 16.82m)
2026/02/12 10:12:28 Deduplicating stop D_996 (duplicate of D_667, distance: 24.10m)
2026/02/12 10:12:28 Deduplicating stop D_669 (duplicate of D_668, distance: 8.67m)
2026/02/12 10:12:28 Deduplicating stop D_675 (duplicate of D_674, distance: 13.68m)
2026/02/12 10:12:28 Deduplicating stop D_905 (duplicate of D_678, distance: 26.64m)
2026/02/12 10:12:28 Deduplicating stop D_683 (duplicate of D_682, distance: 14.94m)
2026/02/12 10:12:28 Deduplicating stop D_691 (duplicate of D_689, distance: 24.46m)
2026/02/12 10:12:28 Deduplicating stop D_899 (duplicate of D_690, distance: 22.52m)
2026/02/12 10:12:28 Deduplicating stop D_707 (duplicate of D_698, distance: 10.09m)
2026/02/12 10:12:28 Deduplicating stop D_706 (duplicate of D_701, distance: 24.08m)
2026/02/12 10:12:28 Deduplicating stop D_716 (duplicate of D_715, distance: 25.89m)
2026/02/12 10:12:28 Deduplicating stop D_763 (duplicate of D_754, distance: 26.96m)
2026/02/12 10:12:28 Deduplicating stop D_799 (duplicate of D_756, distance: 11.43m)
2026/02/12 10:12:28 Deduplicating stop D_852 (duplicate of D_784, distance: 26.03m)
2026/02/12 10:12:28 Deduplicating stop D_791 (duplicate of D_785, distance: 28.83m)
2026/02/12 10:12:28 Deduplicating stop D_851 (duplicate of D_789, distance: 23.91m)
2026/02/12 10:12:28 Deduplicating stop D_800 (duplicate of D_790, distance: 29.87m)
2026/02/12 10:12:28 Deduplicating stop D_829 (duplicate of D_828, distance: 25.04m)
2026/02/12 10:12:28 Deduplicating stop D_848 (duplicate of D_847, distance: 18.67m)
2026/02/12 10:12:28 Deduplicating stop D_850 (duplicate of D_849, distance: 18.44m)
2026/02/12 10:12:28 Deduplicating stop D_860 (duplicate of D_859, distance: 21.17m)
2026/02/12 10:12:28 Deduplicating stop D_900 (duplicate of D_865, distance: 25.18m)
2026/02/12 10:12:28 Deduplicating stop D_885 (duplicate of D_884, distance: 24.54m)
2026/02/12 10:12:28 Deduplicating stop D_891 (duplicate of D_890, distance: 20.94m)
2026/02/12 10:12:28 Deduplicating stop D_896 (duplicate of D_895, distance: 11.64m)
2026/02/12 10:12:28 Deduplicating stop D_907 (duplicate of D_906, distance: 10.92m)
2026/02/12 10:12:28 Deduplicating stop D_917 (duplicate of D_916, distance: 28.49m)
2026/02/12 10:12:28 Deduplicating stop D_924 (duplicate of D_923, distance: 28.70m)
2026/02/12 10:12:28 Deduplicating stop D_926 (duplicate of D_925, distance: 16.24m)
2026/02/12 10:12:28 Deduplicating stop D_933 (duplicate of D_932, distance: 11.50m)
2026/02/12 10:12:28 Deduplicating stop D_935 (duplicate of D_934, distance: 13.17m)
2026/02/12 10:12:28 Deduplicating stop D_937 (duplicate of D_936, distance: 22.54m)
2026/02/12 10:12:28 Deduplicating stop D_946 (duplicate of D_945, distance: 22.68m)
2026/02/12 10:12:28 Deduplicating stop D_950 (duplicate of D_948, distance: 28.73m)
2026/02/12 10:12:28 Deduplicating stop D_959 (duplicate of D_958, distance: 23.55m)
2026/02/12 10:12:28 Deduplicating stop D_963 (duplicate of D_962, distance: 18.01m)
2026/02/12 10:12:28 Deduplicating stop D_988 (duplicate of D_987, distance: 28.36m)
2026/02/12 10:12:28 Deduplicating stop D_991 (duplicate of D_990, distance: 17.62m)
2026/02/12 10:12:28 Deduplicating stop D_995 (duplicate of D_994, distance: 9.02m)
2026/02/12 10:12:28 Deduplicating stop D_1009 (duplicate of D_1008, distance: 9.10m)
2026/02/12 10:12:28 Deduplicating stop D_1021 (duplicate of D_1020, distance: 15.81m)
2026/02/12 10:12:28 Deduplicating stop D_1028 (duplicate of D_1027, distance: 12.11m)
2026/02/12 10:12:28 Deduplicating stop D_1031 (duplicate of D_1030, distance: 17.45m)
2026/02/12 10:12:28 Deduplicating stop D_1033 (duplicate of D_1032, distance: 20.51m)
2026/02/12 10:12:28 Deduplicating stop D_1035 (duplicate of D_1034, distance: 11.85m)
2026/02/12 10:12:28 Deduplicating stop D_1042 (duplicate of D_1041, distance: 16.07m)
2026/02/12 10:12:28 Deduplicating stop D_1053 (duplicate of D_1052, distance: 14.20m)
2026/02/12 10:12:28 Deduplicating stop D_1060 (duplicate of D_1059, distance: 14.41m)
2026/02/12 10:12:28 Deduplicating stop D_1062 (duplicate of D_1061, distance: 11.04m)
2026/02/12 10:12:28 Deduplicating stop D_1065 (duplicate of D_1064, distance: 22.07m)
2026/02/12 10:12:28 Deduplicating stop D_1067 (duplicate of D_1066, distance: 25.01m)
2026/02/12 10:12:28 Deduplicating stop D_1069 (duplicate of D_1068, distance: 23.84m)
2026/02/12 10:12:28 Deduplicating stop D_1071 (duplicate of D_1070, distance: 18.35m)
2026/02/12 10:12:28 Deduplicating stop D_1073 (duplicate of D_1072, distance: 9.50m)
2026/02/12 10:12:28 Deduplicating stop D_1075 (duplicate of D_1074, distance: 14.34m)
2026/02/12 10:12:28 Deduplicating stop D_1077 (duplicate of D_1076, distance: 18.12m)
2026/02/12 10:12:28 Deduplicating stop D_1079 (duplicate of D_1078, distance: 10.80m)
2026/02/12 10:12:28 Deduplicating stop D_1084 (duplicate of D_1083, distance: 14.19m)
2026/02/12 10:12:28 Deduplicating stop D_1086 (duplicate of D_1085, distance: 17.53m)
2026/02/12 10:12:28 Deduplicating stop D_1093 (duplicate of D_1092, distance: 19.95m)
2026/02/12 10:12:28 Deduplicating stop D_1098 (duplicate of D_1097, distance: 17.97m)
2026/02/12 10:12:28 Deduplicating stop D_1104 (duplicate of D_1103, distance: 20.38m)
2026/02/12 10:12:28 Deduplicating stop D_1106 (duplicate of D_1105, distance: 19.02m)
2026/02/12 10:12:28 Deduplicating stop D_1110 (duplicate of D_1109, distance: 14.42m)
2026/02/12 10:12:28 Deduplicating stop D_1112 (duplicate of D_1111, distance: 17.48m)
2026/02/12 10:12:28 Deduplicating stop D_1114 (duplicate of D_1113, distance: 17.18m)
2026/02/12 10:12:28 Deduplicating stop D_1116 (duplicate of D_1115, distance: 19.21m)
2026/02/12 10:12:28 Deduplicating stop D_1118 (duplicate of D_1117, distance: 10.40m)
2026/02/12 10:12:28 Deduplicating stop D_1120 (duplicate of D_1119, distance: 25.44m)
2026/02/12 10:12:28 Deduplicating stop D_1122 (duplicate of D_1121, distance: 16.12m)
2026/02/12 10:12:28 Deduplicating stop D_1124 (duplicate of D_1123, distance: 10.39m)
2026/02/12 10:12:28 Deduplicating stop D_1126 (duplicate of D_1125, distance: 12.84m)
2026/02/12 10:12:28 Deduplicating stop D_1129 (duplicate of D_1127, distance: 7.02m)
2026/02/12 10:12:28 Deduplicating stop D_1133 (duplicate of D_1132, distance: 24.56m)
2026/02/12 10:12:28 Deduplicating stop D_1135 (duplicate of D_1134, distance: 19.66m)
2026/02/12 10:12:28 Deduplicating stop D_1138 (duplicate of D_1137, distance: 27.40m)
2026/02/12 10:12:28 Deduplicating stop D_1144 (duplicate of D_1143, distance: 25.64m)
2026/02/12 10:12:28 Deduplicating stop D_1146 (duplicate of D_1145, distance: 29.47m)
2026/02/12 10:12:28 Deduplicating stop D_1150 (duplicate of D_1149, distance: 15.19m)
2026/02/12 10:12:28 Deduplicating stop D_1152 (duplicate of D_1151, distance: 13.59m)
2026/02/12 10:12:28 Deduplicating stop D_1154 (duplicate of D_1153, distance: 18.40m)
2026/02/12 10:12:28 Deduplicating stop D_1156 (duplicate of D_1155, distance: 20.05m)
2026/02/12 10:12:28 Deduplicating stop D_1158 (duplicate of D_1157, distance: 22.37m)
2026/02/12 10:12:28 Deduplicating stop D_1162 (duplicate of D_1161, distance: 11.30m)
2026/02/12 10:12:28 Deduplicating stop D_1164 (duplicate of D_1163, distance: 12.89m)
2026/02/12 10:12:28 Deduplicating stop D_1166 (duplicate of D_1165, distance: 16.58m)
2026/02/12 10:12:28 Deduplicating stop D_1168 (duplicate of D_1167, distance: 26.44m)
2026/02/12 10:12:28 Deduplicating stop D_1170 (duplicate of D_1169, distance: 29.55m)
2026/02/12 10:12:28 Deduplicating stop D_1174 (duplicate of D_1173, distance: 21.97m)
2026/02/12 10:12:28 Deduplicating stop D_1176 (duplicate of D_1175, distance: 22.73m)
2026/02/12 10:12:28 Deduplicating stop D_1178 (duplicate of D_1177, distance: 13.19m)
2026/02/12 10:12:28 Deduplicating stop D_1180 (duplicate of D_1179, distance: 21.05m)
2026/02/12 10:12:28 Deduplicating stop D_1187 (duplicate of D_1186, distance: 17.49m)
2026/02/12 10:12:28 Deduplicating stop D_1189 (duplicate of D_1188, distance: 20.07m)
2026/02/12 10:12:28 Deduplicating stop D_1191 (duplicate of D_1190, distance: 8.48m)
2026/02/12 10:12:28 Deduplicating stop D_1198 (duplicate of D_1195, distance: 22.00m)
2026/02/12 10:12:28 Deduplicating stop D_1197 (duplicate of D_1196, distance: 18.93m)
2026/02/12 10:12:28 Deduplicating stop D_1205 (duplicate of D_1204, distance: 30.00m)
2026/02/12 10:12:28 Deduplicating stop D_1207 (duplicate of D_1206, distance: 23.39m)
2026/02/12 10:12:28 Deduplicating stop D_1209 (duplicate of D_1208, distance: 24.18m)
2026/02/12 10:12:28 Deduplicating stop D_1242 (duplicate of D_1241, distance: 25.24m)
2026/02/12 10:12:28 Deduplicating stop D_1247 (duplicate of D_1246, distance: 24.22m)
2026/02/12 10:12:28 Deduplicating stop D_1249 (duplicate of D_1248, distance: 19.28m)
2026/02/12 10:12:28 Deduplicated 1277 stops to 1060 (removed 217 duplicates)
2026/02/12 10:12:28 Step 4/5: Importing stops and routes to database...
2026/02/12 10:12:28 Imported 1060 stops
2026/02/12 10:12:28 Imported 53 routes
2026/02/12 10:12:28 Step 5/5: Building routing graph...
2026/02/12 10:12:28 Starting graph construction...
2026/02/12 10:12:29 Found 2877 unique (stop, route) pairs
2026/02/12 10:12:29 Created 2877 nodes
2026/02/12 10:13:01 Created 304833 RIDE edges
2026/02/12 10:13:01 Building WALK edges for stops within 500 meters...
2026/02/12 10:13:07 Created 79464 WALK edges
2026/02/12 10:13:07 Building TRANSFER edges for same-stop transfers...
2026/02/12 10:13:08 Created 10664 TRANSFER edges
2026/02/12 10:13:08 Created 394961 edges
2026/02/12 10:13:08 Analyzed table: stop
2026/02/12 10:13:08 Analyzed table: route
2026/02/12 10:13:08 Analyzed table: node
2026/02/12 10:13:08 Analyzed table: edge
2026/02/12 10:13:08 Graph construction completed successfully
2026/02/12 10:13:08 Import completed in 40.502962158s
2026/02/12 10:13:08 Import completed successfully!

📍 Importing AFTU...
2026/02/12 10:13:08 Starting GTFS import...
2026/02/12 10:13:08 Agency ID: dakar_aftu
2026/02/12 10:13:08 GTFS file: gtfs_folder/gtfs_AFTU.zip
2026/02/12 10:13:08 Step 1/5: Parsing GTFS feed...
2026/02/12 10:13:09 Parsed 1 agencies
2026/02/12 10:13:09 Parsed 2401 stops
2026/02/12 10:13:09 Parsed 73 routes
2026/02/12 10:13:09 Parsed 11077 trips
2026/02/12 10:13:10 Parsed 677918 stop_times
2026/02/12 10:13:10 Step 2/5: Validating and cleaning stops...
2026/02/12 10:13:10 Step 3/5: Deduplicating stops...
2026/02/12 10:13:10 Deduplicating stop A_349 (duplicate of A_8, distance: 13.17m)
2026/02/12 10:13:10 Deduplicating stop A_419 (duplicate of A_15, distance: 26.26m)
2026/02/12 10:13:10 Deduplicating stop A_446 (duplicate of A_16, distance: 19.26m)
2026/02/12 10:13:10 Deduplicating stop A_2028 (duplicate of A_17, distance: 12.94m)
2026/02/12 10:13:10 Deduplicating stop A_708 (duplicate of A_24, distance: 28.21m)
2026/02/12 10:13:10 Deduplicating stop A_26 (duplicate of A_25, distance: 10.47m)
2026/02/12 10:13:10 Deduplicating stop A_30 (duplicate of A_28, distance: 21.09m)
2026/02/12 10:13:10 Deduplicating stop A_853 (duplicate of A_28, distance: 24.69m)
2026/02/12 10:13:10 Deduplicating stop A_1716 (duplicate of A_28, distance: 25.14m)
2026/02/12 10:13:10 Deduplicating stop A_43 (duplicate of A_38, distance: 20.92m)
2026/02/12 10:13:10 Deduplicating stop A_46 (duplicate of A_39, distance: 15.85m)
2026/02/12 10:13:10 Deduplicating stop A_1289 (duplicate of A_40, distance: 14.12m)
2026/02/12 10:13:10 Deduplicating stop A_1923 (duplicate of A_42, distance: 11.94m)
2026/02/12 10:13:10 Deduplicating stop A_45 (duplicate of A_44, distance: 14.43m)
2026/02/12 10:13:10 Deduplicating stop A_1650 (duplicate of A_52, distance: 10.76m)
2026/02/12 10:13:10 Deduplicating stop A_54 (duplicate of A_53, distance: 7.78m)
2026/02/12 10:13:10 Deduplicating stop A_259 (duplicate of A_55, distance: 16.30m)
2026/02/12 10:13:10 Deduplicating stop A_57 (duplicate of A_56, distance: 17.96m)
2026/02/12 10:13:10 Deduplicating stop A_154 (duplicate of A_59, distance: 27.28m)
2026/02/12 10:13:10 Deduplicating stop A_61 (duplicate of A_60, distance: 22.14m)
2026/02/12 10:13:10 Deduplicating stop A_2080 (duplicate of A_62, distance: 17.67m)
2026/02/12 10:13:10 Deduplicating stop A_64 (duplicate of A_63, distance: 18.04m)
2026/02/12 10:13:10 Deduplicating stop A_2292 (duplicate of A_66, distance: 15.77m)
2026/02/12 10:13:10 Deduplicating stop A_2295 (duplicate of A_67, distance: 11.99m)
2026/02/12 10:13:10 Deduplicating stop A_76 (duplicate of A_72, distance: 17.52m)
2026/02/12 10:13:10 Deduplicating stop A_1665 (duplicate of A_73, distance: 29.90m)
2026/02/12 10:13:10 Deduplicating stop A_2228 (duplicate of A_74, distance: 13.70m)
2026/02/12 10:13:10 Deduplicating stop A_2222 (duplicate of A_75, distance: 15.81m)
2026/02/12 10:13:10 Deduplicating stop A_78 (duplicate of A_77, distance: 26.48m)
2026/02/12 10:13:10 Deduplicating stop A_81 (duplicate of A_80, distance: 24.29m)
2026/02/12 10:13:10 Deduplicating stop A_83 (duplicate of A_82, distance: 16.21m)
2026/02/12 10:13:10 Deduplicating stop A_87 (duplicate of A_86, distance: 12.35m)
2026/02/12 10:13:10 Deduplicating stop A_2109 (duplicate of A_88, distance: 19.35m)
2026/02/12 10:13:10 Deduplicating stop A_2047 (duplicate of A_93, distance: 5.63m)
2026/02/12 10:13:10 Deduplicating stop A_1685 (duplicate of A_94, distance: 6.68m)
2026/02/12 10:13:10 Deduplicating stop A_1738 (duplicate of A_95, distance: 23.78m)
2026/02/12 10:13:10 Deduplicating stop A_1703 (duplicate of A_98, distance: 12.50m)
2026/02/12 10:13:10 Deduplicating stop A_2130 (duplicate of A_99, distance: 14.48m)
2026/02/12 10:13:10 Deduplicating stop A_151 (duplicate of A_100, distance: 28.71m)
2026/02/12 10:13:10 Deduplicating stop A_2086 (duplicate of A_102, distance: 10.20m)
2026/02/12 10:13:10 Deduplicating stop A_106 (duplicate of A_103, distance: 13.61m)
2026/02/12 10:13:10 Deduplicating stop A_111 (duplicate of A_105, distance: 21.49m)
2026/02/12 10:13:10 Deduplicating stop A_1692 (duplicate of A_112, distance: 18.75m)
2026/02/12 10:13:10 Deduplicating stop A_2231 (duplicate of A_113, distance: 23.72m)
2026/02/12 10:13:10 Deduplicating stop A_2244 (duplicate of A_114, distance: 25.75m)
2026/02/12 10:13:10 Deduplicating stop A_120 (duplicate of A_116, distance: 17.46m)
2026/02/12 10:13:10 Deduplicating stop A_131 (duplicate of A_121, distance: 7.14m)
2026/02/12 10:13:10 Deduplicating stop A_339 (duplicate of A_122, distance: 12.40m)
2026/02/12 10:13:10 Deduplicating stop A_126 (duplicate of A_125, distance: 9.91m)
2026/02/12 10:13:10 Deduplicating stop A_132 (duplicate of A_129, distance: 13.26m)
2026/02/12 10:13:10 Deduplicating stop A_157 (duplicate of A_130, distance: 22.67m)
2026/02/12 10:13:10 Deduplicating stop A_2234 (duplicate of A_133, distance: 22.77m)
2026/02/12 10:13:10 Deduplicating stop A_213 (duplicate of A_134, distance: 28.28m)
2026/02/12 10:13:10 Deduplicating stop A_2235 (duplicate of A_135, distance: 20.36m)
2026/02/12 10:13:10 Deduplicating stop A_2236 (duplicate of A_136, distance: 17.38m)
2026/02/12 10:13:10 Deduplicating stop A_2156 (duplicate of A_138, distance: 8.89m)
2026/02/12 10:13:10 Deduplicating stop A_169 (duplicate of A_139, distance: 11.38m)
2026/02/12 10:13:10 Deduplicating stop A_2237 (duplicate of A_140, distance: 22.82m)
2026/02/12 10:13:10 Deduplicating stop A_2351 (duplicate of A_141, distance: 11.04m)
2026/02/12 10:13:10 Deduplicating stop A_2131 (duplicate of A_144, distance: 11.25m)
2026/02/12 10:13:10 Deduplicating stop A_2126 (duplicate of A_147, distance: 29.34m)
2026/02/12 10:13:10 Deduplicating stop A_155 (duplicate of A_148, distance: 20.48m)
2026/02/12 10:13:10 Deduplicating stop A_1687 (duplicate of A_149, distance: 22.88m)
2026/02/12 10:13:10 Deduplicating stop A_153 (duplicate of A_152, distance: 14.22m)
2026/02/12 10:13:10 Deduplicating stop A_1725 (duplicate of A_152, distance: 21.07m)
2026/02/12 10:13:10 Deduplicating stop A_1726 (duplicate of A_156, distance: 18.50m)
2026/02/12 10:13:10 Deduplicating stop A_164 (duplicate of A_162, distance: 26.86m)
2026/02/12 10:13:10 Deduplicating stop A_2223 (duplicate of A_163, distance: 9.06m)
2026/02/12 10:13:10 Deduplicating stop A_172 (duplicate of A_165, distance: 19.39m)
2026/02/12 10:13:10 Deduplicating stop A_171 (duplicate of A_166, distance: 28.85m)
2026/02/12 10:13:10 Deduplicating stop A_2277 (duplicate of A_167, distance: 12.02m)
2026/02/12 10:13:10 Deduplicating stop A_2206 (duplicate of A_168, distance: 9.07m)
2026/02/12 10:13:10 Deduplicating stop A_1742 (duplicate of A_170, distance: 8.93m)
2026/02/12 10:13:10 Deduplicating stop A_1745 (duplicate of A_175, distance: 29.58m)
2026/02/12 10:13:10 Deduplicating stop A_2391 (duplicate of A_176, distance: 18.53m)
2026/02/12 10:13:10 Deduplicating stop A_2392 (duplicate of A_178, distance: 25.73m)
2026/02/12 10:13:10 Deduplicating stop A_186 (duplicate of A_185, distance: 12.06m)
2026/02/12 10:13:10 Deduplicating stop A_188 (duplicate of A_187, distance: 29.23m)
2026/02/12 10:13:10 Deduplicating stop A_2273 (duplicate of A_189, distance: 8.47m)
2026/02/12 10:13:10 Deduplicating stop A_191 (duplicate of A_190, distance: 16.36m)
2026/02/12 10:13:10 Deduplicating stop A_193 (duplicate of A_192, distance: 10.90m)
2026/02/12 10:13:10 Deduplicating stop A_196 (duplicate of A_195, distance: 17.62m)
2026/02/12 10:13:10 Deduplicating stop A_2132 (duplicate of A_200, distance: 26.45m)
2026/02/12 10:13:10 Deduplicating stop A_2241 (duplicate of A_202, distance: 21.46m)
2026/02/12 10:13:10 Deduplicating stop A_354 (duplicate of A_208, distance: 21.21m)
2026/02/12 10:13:10 Deduplicating stop A_2238 (duplicate of A_211, distance: 11.42m)
2026/02/12 10:13:10 Deduplicating stop A_226 (duplicate of A_215, distance: 9.54m)
2026/02/12 10:13:10 Deduplicating stop A_225 (duplicate of A_216, distance: 19.78m)
2026/02/12 10:13:10 Deduplicating stop A_223 (duplicate of A_219, distance: 17.14m)
2026/02/12 10:13:10 Deduplicating stop A_229 (duplicate of A_228, distance: 6.01m)
2026/02/12 10:13:10 Deduplicating stop A_1718 (duplicate of A_230, distance: 6.50m)
2026/02/12 10:13:10 Deduplicating stop A_232 (duplicate of A_231, distance: 20.98m)
2026/02/12 10:13:10 Deduplicating stop A_383 (duplicate of A_233, distance: 6.20m)
2026/02/12 10:13:10 Deduplicating stop A_384 (duplicate of A_234, distance: 5.22m)
2026/02/12 10:13:10 Deduplicating stop A_385 (duplicate of A_235, distance: 27.07m)
2026/02/12 10:13:10 Deduplicating stop A_386 (duplicate of A_236, distance: 17.25m)
2026/02/12 10:13:10 Deduplicating stop A_2191 (duplicate of A_237, distance: 11.13m)
2026/02/12 10:13:10 Deduplicating stop A_239 (duplicate of A_238, distance: 23.67m)
2026/02/12 10:13:10 Deduplicating stop A_390 (duplicate of A_238, distance: 8.73m)
2026/02/12 10:13:10 Deduplicating stop A_2219 (duplicate of A_246, distance: 5.10m)
2026/02/12 10:13:10 Deduplicating stop A_2213 (duplicate of A_248, distance: 14.09m)
2026/02/12 10:13:10 Deduplicating stop A_2343 (duplicate of A_250, distance: 11.39m)
2026/02/12 10:13:10 Deduplicating stop A_438 (duplicate of A_252, distance: 20.78m)
2026/02/12 10:13:10 Deduplicating stop A_472 (duplicate of A_254, distance: 14.37m)
2026/02/12 10:13:10 Deduplicating stop A_1905 (duplicate of A_260, distance: 13.82m)
2026/02/12 10:13:10 Deduplicating stop A_574 (duplicate of A_262, distance: 8.08m)
2026/02/12 10:13:10 Deduplicating stop A_579 (duplicate of A_263, distance: 28.52m)
2026/02/12 10:13:10 Deduplicating stop A_584 (duplicate of A_265, distance: 27.02m)
2026/02/12 10:13:10 Deduplicating stop A_603 (duplicate of A_269, distance: 17.74m)
2026/02/12 10:13:10 Deduplicating stop A_645 (duplicate of A_270, distance: 24.95m)
2026/02/12 10:13:10 Deduplicating stop A_272 (duplicate of A_271, distance: 14.34m)
2026/02/12 10:13:10 Deduplicating stop A_660 (duplicate of A_275, distance: 21.18m)
2026/02/12 10:13:10 Deduplicating stop A_711 (duplicate of A_280, distance: 9.88m)
2026/02/12 10:13:10 Deduplicating stop A_283 (duplicate of A_282, distance: 15.35m)
2026/02/12 10:13:10 Deduplicating stop A_739 (duplicate of A_284, distance: 23.93m)
2026/02/12 10:13:10 Deduplicating stop A_823 (duplicate of A_289, distance: 19.76m)
2026/02/12 10:13:10 Deduplicating stop A_974 (duplicate of A_296, distance: 25.31m)
2026/02/12 10:13:10 Deduplicating stop A_300 (duplicate of A_297, distance: 24.80m)
2026/02/12 10:13:10 Deduplicating stop A_988 (duplicate of A_298, distance: 17.69m)
2026/02/12 10:13:10 Deduplicating stop A_1830 (duplicate of A_304, distance: 11.04m)
2026/02/12 10:13:10 Deduplicating stop A_1062 (duplicate of A_306, distance: 24.35m)
2026/02/12 10:13:10 Deduplicating stop A_1126 (duplicate of A_307, distance: 19.73m)
2026/02/12 10:13:10 Deduplicating stop A_1146 (duplicate of A_309, distance: 27.74m)
2026/02/12 10:13:10 Deduplicating stop A_1173 (duplicate of A_310, distance: 13.89m)
2026/02/12 10:13:10 Deduplicating stop A_313 (duplicate of A_312, distance: 6.59m)
2026/02/12 10:13:10 Deduplicating stop A_1210 (duplicate of A_314, distance: 13.47m)
2026/02/12 10:13:10 Deduplicating stop A_2005 (duplicate of A_315, distance: 17.08m)
2026/02/12 10:13:10 Deduplicating stop A_1994 (duplicate of A_323, distance: 8.38m)
2026/02/12 10:13:10 Deduplicating stop A_326 (duplicate of A_324, distance: 9.07m)
2026/02/12 10:13:10 Deduplicating stop A_1485 (duplicate of A_331, distance: 18.28m)
2026/02/12 10:13:10 Deduplicating stop A_709 (duplicate of A_337, distance: 23.20m)
2026/02/12 10:13:10 Deduplicating stop A_342 (duplicate of A_341, distance: 13.24m)
2026/02/12 10:13:10 Deduplicating stop A_344 (duplicate of A_343, distance: 11.02m)
2026/02/12 10:13:10 Deduplicating stop A_2227 (duplicate of A_347, distance: 8.84m)
2026/02/12 10:13:10 Deduplicating stop A_357 (duplicate of A_356, distance: 16.99m)
2026/02/12 10:13:10 Deduplicating stop A_2239 (duplicate of A_358, distance: 21.70m)
2026/02/12 10:13:10 Deduplicating stop A_1715 (duplicate of A_360, distance: 14.39m)
2026/02/12 10:13:10 Deduplicating stop A_362 (duplicate of A_361, distance: 15.18m)
2026/02/12 10:13:10 Deduplicating stop A_2240 (duplicate of A_363, distance: 9.27m)
2026/02/12 10:13:10 Deduplicating stop A_366 (duplicate of A_365, distance: 15.00m)
2026/02/12 10:13:10 Deduplicating stop A_374 (duplicate of A_368, distance: 13.28m)
2026/02/12 10:13:10 Deduplicating stop A_2182 (duplicate of A_371, distance: 9.79m)
2026/02/12 10:13:10 Deduplicating stop A_1554 (duplicate of A_373, distance: 15.87m)
2026/02/12 10:13:10 Deduplicating stop A_1646 (duplicate of A_373, distance: 24.66m)
2026/02/12 10:13:10 Deduplicating stop A_1731 (duplicate of A_382, distance: 10.76m)
2026/02/12 10:13:10 Deduplicating stop A_2203 (duplicate of A_387, distance: 9.18m)
2026/02/12 10:13:10 Deduplicating stop A_2192 (duplicate of A_388, distance: 7.07m)
2026/02/12 10:13:10 Deduplicating stop A_2190 (duplicate of A_389, distance: 7.26m)
2026/02/12 10:13:10 Deduplicating stop A_2200 (duplicate of A_392, distance: 16.00m)
2026/02/12 10:13:10 Deduplicating stop A_394 (duplicate of A_393, distance: 17.62m)
2026/02/12 10:13:10 Deduplicating stop A_2276 (duplicate of A_397, distance: 12.22m)
2026/02/12 10:13:10 Deduplicating stop A_2159 (duplicate of A_398, distance: 6.45m)
2026/02/12 10:13:10 Deduplicating stop A_402 (duplicate of A_400, distance: 22.54m)
2026/02/12 10:13:10 Deduplicating stop A_409 (duplicate of A_401, distance: 23.00m)
2026/02/12 10:13:10 Deduplicating stop A_2197 (duplicate of A_405, distance: 18.29m)
2026/02/12 10:13:10 Deduplicating stop A_1597 (duplicate of A_408, distance: 11.61m)
2026/02/12 10:13:10 Deduplicating stop A_1596 (duplicate of A_410, distance: 14.58m)
2026/02/12 10:13:10 Deduplicating stop A_412 (duplicate of A_411, distance: 19.43m)
2026/02/12 10:13:10 Deduplicating stop A_1595 (duplicate of A_413, distance: 21.40m)
2026/02/12 10:13:10 Deduplicating stop A_2214 (duplicate of A_415, distance: 19.16m)
2026/02/12 10:13:10 Deduplicating stop A_1003 (duplicate of A_416, distance: 23.83m)
2026/02/12 10:13:10 Deduplicating stop A_429 (duplicate of A_427, distance: 18.77m)
2026/02/12 10:13:10 Deduplicating stop A_477 (duplicate of A_428, distance: 26.44m)
2026/02/12 10:13:10 Deduplicating stop A_431 (duplicate of A_430, distance: 18.74m)
2026/02/12 10:13:10 Deduplicating stop A_2016 (duplicate of A_441, distance: 9.44m)
2026/02/12 10:13:10 Deduplicating stop A_449 (duplicate of A_448, distance: 14.71m)
2026/02/12 10:13:10 Deduplicating stop A_453 (duplicate of A_452, distance: 25.74m)
2026/02/12 10:13:10 Deduplicating stop A_2313 (duplicate of A_452, distance: 8.64m)
2026/02/12 10:13:10 Deduplicating stop A_2043 (duplicate of A_458, distance: 19.63m)
2026/02/12 10:13:10 Deduplicating stop A_498 (duplicate of A_459, distance: 28.02m)
2026/02/12 10:13:10 Deduplicating stop A_499 (duplicate of A_459, distance: 16.84m)
2026/02/12 10:13:10 Deduplicating stop A_462 (duplicate of A_461, distance: 13.30m)
2026/02/12 10:13:10 Deduplicating stop A_2149 (duplicate of A_464, distance: 17.48m)
2026/02/12 10:13:10 Deduplicating stop A_474 (duplicate of A_473, distance: 19.51m)
2026/02/12 10:13:10 Deduplicating stop A_1877 (duplicate of A_476, distance: 11.52m)
2026/02/12 10:13:10 Deduplicating stop A_483 (duplicate of A_480, distance: 25.43m)
2026/02/12 10:13:10 Deduplicating stop A_486 (duplicate of A_485, distance: 14.73m)
2026/02/12 10:13:10 Deduplicating stop A_1878 (duplicate of A_487, distance: 11.66m)
2026/02/12 10:13:10 Deduplicating stop A_839 (duplicate of A_488, distance: 14.68m)
2026/02/12 10:13:10 Deduplicating stop A_502 (duplicate of A_490, distance: 9.49m)
2026/02/12 10:13:10 Deduplicating stop A_2042 (duplicate of A_491, distance: 20.65m)
2026/02/12 10:13:10 Deduplicating stop A_1907 (duplicate of A_492, distance: 16.34m)
2026/02/12 10:13:10 Deduplicating stop A_503 (duplicate of A_500, distance: 25.15m)
2026/02/12 10:13:10 Deduplicating stop A_2024 (duplicate of A_501, distance: 10.41m)
2026/02/12 10:13:10 Deduplicating stop A_508 (duplicate of A_505, distance: 17.31m)
2026/02/12 10:13:10 Deduplicating stop A_580 (duplicate of A_509, distance: 14.29m)
2026/02/12 10:13:10 Deduplicating stop A_541 (duplicate of A_510, distance: 23.45m)
2026/02/12 10:13:10 Deduplicating stop A_2045 (duplicate of A_511, distance: 11.05m)
2026/02/12 10:13:10 Deduplicating stop A_1906 (duplicate of A_514, distance: 13.94m)
2026/02/12 10:13:10 Deduplicating stop A_2155 (duplicate of A_516, distance: 15.75m)
2026/02/12 10:13:10 Deduplicating stop A_2139 (duplicate of A_517, distance: 10.36m)
2026/02/12 10:13:10 Deduplicating stop A_2023 (duplicate of A_519, distance: 9.46m)
2026/02/12 10:13:10 Deduplicating stop A_540 (duplicate of A_521, distance: 10.59m)
2026/02/12 10:13:10 Deduplicating stop A_530 (duplicate of A_522, distance: 15.26m)
2026/02/12 10:13:10 Deduplicating stop A_2022 (duplicate of A_524, distance: 12.57m)
2026/02/12 10:13:10 Deduplicating stop A_740 (duplicate of A_525, distance: 17.88m)
2026/02/12 10:13:10 Deduplicating stop A_2138 (duplicate of A_526, distance: 9.04m)
2026/02/12 10:13:10 Deduplicating stop A_529 (duplicate of A_528, distance: 19.17m)
2026/02/12 10:13:10 Deduplicating stop A_2140 (duplicate of A_531, distance: 10.66m)
2026/02/12 10:13:10 Deduplicating stop A_2253 (duplicate of A_531, distance: 16.62m)
2026/02/12 10:13:10 Deduplicating stop A_2366 (duplicate of A_532, distance: 4.95m)
2026/02/12 10:13:10 Deduplicating stop A_1953 (duplicate of A_534, distance: 8.65m)
2026/02/12 10:13:10 Deduplicating stop A_539 (duplicate of A_535, distance: 14.66m)
2026/02/12 10:13:10 Deduplicating stop A_538 (duplicate of A_536, distance: 22.06m)
2026/02/12 10:13:10 Deduplicating stop A_2263 (duplicate of A_542, distance: 28.14m)
2026/02/12 10:13:10 Deduplicating stop A_2187 (duplicate of A_546, distance: 19.90m)
2026/02/12 10:13:10 Deduplicating stop A_570 (duplicate of A_550, distance: 26.69m)
2026/02/12 10:13:10 Deduplicating stop A_557 (duplicate of A_552, distance: 15.79m)
2026/02/12 10:13:10 Deduplicating stop A_555 (duplicate of A_554, distance: 20.87m)
2026/02/12 10:13:10 Deduplicating stop A_567 (duplicate of A_562, distance: 22.15m)
2026/02/12 10:13:10 Deduplicating stop A_565 (duplicate of A_563, distance: 14.57m)
2026/02/12 10:13:10 Deduplicating stop A_569 (duplicate of A_568, distance: 26.02m)
2026/02/12 10:13:10 Deduplicating stop A_2046 (duplicate of A_571, distance: 21.73m)
2026/02/12 10:13:10 Deduplicating stop A_2367 (duplicate of A_575, distance: 7.26m)
2026/02/12 10:13:10 Deduplicating stop A_2368 (duplicate of A_576, distance: 7.20m)
2026/02/12 10:13:10 Deduplicating stop A_578 (duplicate of A_577, distance: 16.94m)
2026/02/12 10:13:10 Deduplicating stop A_1594 (duplicate of A_590, distance: 24.25m)
2026/02/12 10:13:10 Deduplicating stop A_602 (duplicate of A_592, distance: 14.89m)
2026/02/12 10:13:10 Deduplicating stop A_595 (duplicate of A_594, distance: 14.01m)
2026/02/12 10:13:10 Deduplicating stop A_2044 (duplicate of A_596, distance: 25.96m)
2026/02/12 10:13:10 Deduplicating stop A_601 (duplicate of A_597, distance: 19.78m)
2026/02/12 10:13:10 Deduplicating stop A_600 (duplicate of A_598, distance: 9.09m)
2026/02/12 10:13:10 Deduplicating stop A_2019 (duplicate of A_609, distance: 11.68m)
2026/02/12 10:13:10 Deduplicating stop A_2020 (duplicate of A_611, distance: 10.88m)
2026/02/12 10:13:10 Deduplicating stop A_2090 (duplicate of A_613, distance: 14.35m)
2026/02/12 10:13:10 Deduplicating stop A_615 (duplicate of A_614, distance: 19.25m)
2026/02/12 10:13:10 Deduplicating stop A_619 (duplicate of A_616, distance: 19.83m)
2026/02/12 10:13:10 Deduplicating stop A_2136 (duplicate of A_622, distance: 16.82m)
2026/02/12 10:13:10 Deduplicating stop A_650 (duplicate of A_626, distance: 18.93m)
2026/02/12 10:13:10 Deduplicating stop A_629 (duplicate of A_628, distance: 15.06m)
2026/02/12 10:13:10 Deduplicating stop A_642 (duplicate of A_632, distance: 14.61m)
2026/02/12 10:13:10 Deduplicating stop A_727 (duplicate of A_633, distance: 26.43m)
2026/02/12 10:13:10 Deduplicating stop A_636 (duplicate of A_634, distance: 21.43m)
2026/02/12 10:13:10 Deduplicating stop A_830 (duplicate of A_637, distance: 29.06m)
2026/02/12 10:13:10 Deduplicating stop A_639 (duplicate of A_638, distance: 15.29m)
2026/02/12 10:13:10 Deduplicating stop A_2267 (duplicate of A_641, distance: 19.97m)
2026/02/12 10:13:10 Deduplicating stop A_651 (duplicate of A_643, distance: 16.14m)
2026/02/12 10:13:10 Deduplicating stop A_671 (duplicate of A_646, distance: 25.46m)
2026/02/12 10:13:10 Deduplicating stop A_653 (duplicate of A_652, distance: 13.59m)
2026/02/12 10:13:10 Deduplicating stop A_2249 (duplicate of A_654, distance: 12.65m)
2026/02/12 10:13:10 Deduplicating stop A_665 (duplicate of A_664, distance: 23.75m)
2026/02/12 10:13:10 Deduplicating stop A_670 (duplicate of A_669, distance: 23.22m)
2026/02/12 10:13:10 Deduplicating stop A_675 (duplicate of A_673, distance: 29.92m)
2026/02/12 10:13:10 Deduplicating stop A_683 (duplicate of A_680, distance: 22.25m)
2026/02/12 10:13:10 Deduplicating stop A_2078 (duplicate of A_684, distance: 28.76m)
2026/02/12 10:13:10 Deduplicating stop A_686 (duplicate of A_685, distance: 17.69m)
2026/02/12 10:13:10 Deduplicating stop A_2135 (duplicate of A_691, distance: 11.46m)
2026/02/12 10:13:10 Deduplicating stop A_2079 (duplicate of A_692, distance: 27.17m)
2026/02/12 10:13:10 Deduplicating stop A_2134 (duplicate of A_693, distance: 19.95m)
2026/02/12 10:13:10 Deduplicating stop A_1656 (duplicate of A_695, distance: 25.96m)
2026/02/12 10:13:10 Deduplicating stop A_697 (duplicate of A_696, distance: 18.60m)
2026/02/12 10:13:10 Deduplicating stop A_699 (duplicate of A_698, distance: 25.74m)
2026/02/12 10:13:10 Deduplicating stop A_707 (duplicate of A_700, distance: 13.91m)
2026/02/12 10:13:10 Deduplicating stop A_704 (duplicate of A_701, distance: 9.95m)
2026/02/12 10:13:10 Deduplicating stop A_703 (duplicate of A_702, distance: 15.16m)
2026/02/12 10:13:10 Deduplicating stop A_706 (duplicate of A_705, distance: 12.97m)
2026/02/12 10:13:10 Deduplicating stop A_1651 (duplicate of A_710, distance: 25.90m)
2026/02/12 10:13:10 Deduplicating stop A_801 (duplicate of A_714, distance: 17.60m)
2026/02/12 10:13:10 Deduplicating stop A_2076 (duplicate of A_716, distance: 26.77m)
2026/02/12 10:13:10 Deduplicating stop A_721 (duplicate of A_720, distance: 15.68m)
2026/02/12 10:13:10 Deduplicating stop A_2077 (duplicate of A_722, distance: 23.45m)
2026/02/12 10:13:10 Deduplicating stop A_726 (duplicate of A_724, distance: 27.05m)
2026/02/12 10:13:10 Deduplicating stop A_730 (duplicate of A_729, distance: 17.32m)
2026/02/12 10:13:10 Deduplicating stop A_734 (duplicate of A_733, distance: 15.70m)
2026/02/12 10:13:10 Deduplicating stop A_2041 (duplicate of A_735, distance: 20.51m)
2026/02/12 10:13:10 Deduplicating stop A_742 (duplicate of A_741, distance: 15.81m)
2026/02/12 10:13:10 Deduplicating stop A_2093 (duplicate of A_743, distance: 23.95m)
2026/02/12 10:13:10 Deduplicating stop A_751 (duplicate of A_750, distance: 15.81m)
2026/02/12 10:13:10 Deduplicating stop A_757 (duplicate of A_756, distance: 22.17m)
2026/02/12 10:13:10 Deduplicating stop A_763 (duplicate of A_762, distance: 22.08m)
2026/02/12 10:13:10 Deduplicating stop A_2148 (duplicate of A_764, distance: 19.50m)
2026/02/12 10:13:10 Deduplicating stop A_2147 (duplicate of A_765, distance: 23.79m)
2026/02/12 10:13:10 Deduplicating stop A_767 (duplicate of A_766, distance: 15.09m)
2026/02/12 10:13:10 Deduplicating stop A_798 (duplicate of A_770, distance: 18.33m)
2026/02/12 10:13:10 Deduplicating stop A_787 (duplicate of A_771, distance: 21.36m)
2026/02/12 10:13:10 Deduplicating stop A_781 (duplicate of A_779, distance: 20.47m)
2026/02/12 10:13:10 Deduplicating stop A_789 (duplicate of A_783, distance: 26.56m)
2026/02/12 10:13:10 Deduplicating stop A_2074 (duplicate of A_784, distance: 15.82m)
2026/02/12 10:13:10 Deduplicating stop A_796 (duplicate of A_785, distance: 19.73m)
2026/02/12 10:13:10 Deduplicating stop A_795 (duplicate of A_786, distance: 20.09m)
2026/02/12 10:13:10 Deduplicating stop A_792 (duplicate of A_790, distance: 26.76m)
2026/02/12 10:13:10 Deduplicating stop A_2075 (duplicate of A_791, distance: 9.90m)
2026/02/12 10:13:10 Deduplicating stop A_809 (duplicate of A_793, distance: 14.56m)
2026/02/12 10:13:10 Deduplicating stop A_803 (duplicate of A_802, distance: 17.39m)
2026/02/12 10:13:10 Deduplicating stop A_1826 (duplicate of A_804, distance: 21.13m)
2026/02/12 10:13:10 Deduplicating stop A_812 (duplicate of A_805, distance: 9.06m)
2026/02/12 10:13:10 Deduplicating stop A_807 (duplicate of A_806, distance: 8.80m)
2026/02/12 10:13:10 Deduplicating stop A_810 (duplicate of A_808, distance: 14.49m)
2026/02/12 10:13:10 Deduplicating stop A_813 (duplicate of A_811, distance: 21.39m)
2026/02/12 10:13:10 Deduplicating stop A_815 (duplicate of A_814, distance: 25.04m)
2026/02/12 10:13:10 Deduplicating stop A_827 (duplicate of A_824, distance: 16.34m)
2026/02/12 10:13:10 Deduplicating stop A_1876 (duplicate of A_835, distance: 23.84m)
2026/02/12 10:13:10 Deduplicating stop A_2144 (duplicate of A_843, distance: 8.39m)
2026/02/12 10:13:10 Deduplicating stop A_1976 (duplicate of A_857, distance: 21.41m)
2026/02/12 10:13:10 Deduplicating stop A_1765 (duplicate of A_863, distance: 23.59m)
2026/02/12 10:13:10 Deduplicating stop A_893 (duplicate of A_867, distance: 27.24m)
2026/02/12 10:13:10 Deduplicating stop A_1992 (duplicate of A_874, distance: 8.84m)
2026/02/12 10:13:10 Deduplicating stop A_1857 (duplicate of A_895, distance: 15.23m)
2026/02/12 10:13:10 Deduplicating stop A_897 (duplicate of A_896, distance: 26.13m)
2026/02/12 10:13:10 Deduplicating stop A_899 (duplicate of A_898, distance: 10.40m)
2026/02/12 10:13:10 Deduplicating stop A_2009 (duplicate of A_900, distance: 16.84m)
2026/02/12 10:13:10 Deduplicating stop A_1242 (duplicate of A_901, distance: 13.13m)
2026/02/12 10:13:10 Deduplicating stop A_906 (duplicate of A_902, distance: 9.13m)
2026/02/12 10:13:10 Deduplicating stop A_905 (duplicate of A_903, distance: 28.99m)
2026/02/12 10:13:10 Deduplicating stop A_1837 (duplicate of A_904, distance: 6.76m)
2026/02/12 10:13:10 Deduplicating stop A_2013 (duplicate of A_913, distance: 12.22m)
2026/02/12 10:13:10 Deduplicating stop A_2171 (duplicate of A_915, distance: 9.32m)
2026/02/12 10:13:10 Deduplicating stop A_930 (duplicate of A_917, distance: 22.41m)
2026/02/12 10:13:10 Deduplicating stop A_925 (duplicate of A_918, distance: 10.54m)
2026/02/12 10:13:10 Deduplicating stop A_920 (duplicate of A_919, distance: 21.96m)
2026/02/12 10:13:10 Deduplicating stop A_2014 (duplicate of A_921, distance: 9.03m)
2026/02/12 10:13:10 Deduplicating stop A_947 (duplicate of A_938, distance: 25.32m)
2026/02/12 10:13:10 Deduplicating stop A_2003 (duplicate of A_939, distance: 12.89m)
2026/02/12 10:13:10 Deduplicating stop A_2334 (duplicate of A_940, distance: 13.07m)
2026/02/12 10:13:10 Deduplicating stop A_2320 (duplicate of A_941, distance: 7.55m)
2026/02/12 10:13:10 Deduplicating stop A_945 (duplicate of A_943, distance: 14.84m)
2026/02/12 10:13:10 Deduplicating stop A_983 (duplicate of A_944, distance: 11.77m)
2026/02/12 10:13:10 Deduplicating stop A_967 (duplicate of A_950, distance: 16.36m)
2026/02/12 10:13:10 Deduplicating stop A_956 (duplicate of A_955, distance: 15.50m)
2026/02/12 10:13:10 Deduplicating stop A_960 (duplicate of A_959, distance: 18.26m)
2026/02/12 10:13:10 Deduplicating stop A_1281 (duplicate of A_966, distance: 28.75m)
2026/02/12 10:13:10 Deduplicating stop A_1002 (duplicate of A_970, distance: 22.60m)
2026/02/12 10:13:10 Deduplicating stop A_973 (duplicate of A_972, distance: 5.51m)
2026/02/12 10:13:10 Deduplicating stop A_1894 (duplicate of A_977, distance: 10.01m)
2026/02/12 10:13:10 Deduplicating stop A_1008 (duplicate of A_978, distance: 10.62m)
2026/02/12 10:13:10 Deduplicating stop A_1258 (duplicate of A_982, distance: 18.43m)
2026/02/12 10:13:10 Deduplicating stop A_992 (duplicate of A_991, distance: 15.98m)
2026/02/12 10:13:10 Deduplicating stop A_1015 (duplicate of A_994, distance: 15.36m)
2026/02/12 10:13:10 Deduplicating stop A_1822 (duplicate of A_996, distance: 12.22m)
2026/02/12 10:13:10 Deduplicating stop A_1000 (duplicate of A_998, distance: 14.52m)
2026/02/12 10:13:10 Deduplicating stop A_1011 (duplicate of A_1004, distance: 9.79m)
2026/02/12 10:13:10 Deduplicating stop A_1016 (duplicate of A_1007, distance: 21.58m)
2026/02/12 10:13:10 Deduplicating stop A_1044 (duplicate of A_1024, distance: 25.73m)
2026/02/12 10:13:10 Deduplicating stop A_1026 (duplicate of A_1025, distance: 21.89m)
2026/02/12 10:13:10 Deduplicating stop A_1028 (duplicate of A_1027, distance: 14.66m)
2026/02/12 10:13:10 Deduplicating stop A_1179 (duplicate of A_1029, distance: 24.05m)
2026/02/12 10:13:10 Deduplicating stop A_1036 (duplicate of A_1032, distance: 26.09m)
2026/02/12 10:13:10 Deduplicating stop A_1821 (duplicate of A_1040, distance: 14.11m)
2026/02/12 10:13:10 Deduplicating stop A_1893 (duplicate of A_1041, distance: 17.54m)
2026/02/12 10:13:10 Deduplicating stop A_2049 (duplicate of A_1046, distance: 17.27m)
2026/02/12 10:13:10 Deduplicating stop A_1981 (duplicate of A_1049, distance: 25.67m)
2026/02/12 10:13:10 Deduplicating stop A_1065 (duplicate of A_1054, distance: 23.80m)
2026/02/12 10:13:10 Deduplicating stop A_1056 (duplicate of A_1055, distance: 6.53m)
2026/02/12 10:13:10 Deduplicating stop A_1068 (duplicate of A_1058, distance: 23.38m)
2026/02/12 10:13:10 Deduplicating stop A_2000 (duplicate of A_1060, distance: 16.58m)
2026/02/12 10:13:10 Deduplicating stop A_1064 (duplicate of A_1063, distance: 10.53m)
2026/02/12 10:13:10 Deduplicating stop A_1074 (duplicate of A_1073, distance: 22.11m)
2026/02/12 10:13:10 Deduplicating stop A_1818 (duplicate of A_1077, distance: 16.55m)
2026/02/12 10:13:10 Deduplicating stop A_1814 (duplicate of A_1078, distance: 16.89m)
2026/02/12 10:13:10 Deduplicating stop A_1084 (duplicate of A_1079, distance: 13.42m)
2026/02/12 10:13:10 Deduplicating stop A_1091 (duplicate of A_1081, distance: 13.56m)
2026/02/12 10:13:10 Deduplicating stop A_1892 (duplicate of A_1085, distance: 16.23m)
2026/02/12 10:13:10 Deduplicating stop A_1092 (duplicate of A_1089, distance: 9.33m)
2026/02/12 10:13:10 Deduplicating stop A_1575 (duplicate of A_1093, distance: 12.59m)
2026/02/12 10:13:10 Deduplicating stop A_1889 (duplicate of A_1095, distance: 16.39m)
2026/02/12 10:13:10 Deduplicating stop A_1831 (duplicate of A_1099, distance: 15.02m)
2026/02/12 10:13:10 Deduplicating stop A_1108 (duplicate of A_1104, distance: 24.53m)
2026/02/12 10:13:10 Deduplicating stop A_2001 (duplicate of A_1107, distance: 24.71m)
2026/02/12 10:13:10 Deduplicating stop A_1110 (duplicate of A_1109, distance: 14.16m)
2026/02/12 10:13:10 Deduplicating stop A_1114 (duplicate of A_1113, distance: 27.15m)
2026/02/12 10:13:10 Deduplicating stop A_1118 (duplicate of A_1117, distance: 7.46m)
2026/02/12 10:13:10 Deduplicating stop A_2048 (duplicate of A_1119, distance: 11.95m)
2026/02/12 10:13:10 Deduplicating stop A_1898 (duplicate of A_1122, distance: 12.39m)
2026/02/12 10:13:10 Deduplicating stop A_1897 (duplicate of A_1124, distance: 8.57m)
2026/02/12 10:13:10 Deduplicating stop A_1896 (duplicate of A_1125, distance: 23.54m)
2026/02/12 10:13:10 Deduplicating stop A_1221 (duplicate of A_1127, distance: 20.25m)
2026/02/12 10:13:10 Deduplicating stop A_1941 (duplicate of A_1128, distance: 9.92m)
2026/02/12 10:13:10 Deduplicating stop A_1150 (duplicate of A_1129, distance: 25.01m)
2026/02/12 10:13:10 Deduplicating stop A_1149 (duplicate of A_1130, distance: 17.60m)
2026/02/12 10:13:10 Deduplicating stop A_1133 (duplicate of A_1132, distance: 9.22m)
2026/02/12 10:13:10 Deduplicating stop A_2052 (duplicate of A_1134, distance: 9.12m)
2026/02/12 10:13:10 Deduplicating stop A_1156 (duplicate of A_1137, distance: 28.13m)
2026/02/12 10:13:10 Deduplicating stop A_1147 (duplicate of A_1138, distance: 28.42m)
2026/02/12 10:13:10 Deduplicating stop A_1145 (duplicate of A_1144, distance: 13.10m)
2026/02/12 10:13:10 Deduplicating stop A_1157 (duplicate of A_1148, distance: 11.34m)
2026/02/12 10:13:10 Deduplicating stop A_1895 (duplicate of A_1151, distance: 16.84m)
2026/02/12 10:13:10 Deduplicating stop A_1154 (duplicate of A_1153, distance: 28.07m)
2026/02/12 10:13:10 Deduplicating stop A_1807 (duplicate of A_1155, distance: 27.38m)
2026/02/12 10:13:10 Deduplicating stop A_1995 (duplicate of A_1158, distance: 6.22m)
2026/02/12 10:13:10 Deduplicating stop A_2054 (duplicate of A_1160, distance: 6.93m)
2026/02/12 10:13:10 Deduplicating stop A_1813 (duplicate of A_1161, distance: 17.25m)
2026/02/12 10:13:10 Deduplicating stop A_1163 (duplicate of A_1162, distance: 22.88m)
2026/02/12 10:13:10 Deduplicating stop A_1996 (duplicate of A_1168, distance: 5.96m)
2026/02/12 10:13:10 Deduplicating stop A_1171 (duplicate of A_1170, distance: 14.97m)
2026/02/12 10:13:10 Deduplicating stop A_1187 (duplicate of A_1174, distance: 11.74m)
2026/02/12 10:13:10 Deduplicating stop A_2053 (duplicate of A_1175, distance: 27.06m)
2026/02/12 10:13:10 Deduplicating stop A_2310 (duplicate of A_1177, distance: 9.59m)
2026/02/12 10:13:10 Deduplicating stop A_1194 (duplicate of A_1178, distance: 25.48m)
2026/02/12 10:13:10 Deduplicating stop A_1246 (duplicate of A_1180, distance: 27.11m)
2026/02/12 10:13:10 Deduplicating stop A_1852 (duplicate of A_1181, distance: 27.72m)
2026/02/12 10:13:10 Deduplicating stop A_1188 (duplicate of A_1183, distance: 21.17m)
2026/02/12 10:13:10 Deduplicating stop A_2242 (duplicate of A_1189, distance: 29.54m)
2026/02/12 10:13:10 Deduplicating stop A_1273 (duplicate of A_1190, distance: 20.79m)
2026/02/12 10:13:10 Deduplicating stop A_1193 (duplicate of A_1192, distance: 19.12m)
2026/02/12 10:13:10 Deduplicating stop A_1196 (duplicate of A_1195, distance: 16.22m)
2026/02/12 10:13:10 Deduplicating stop A_1211 (duplicate of A_1198, distance: 22.60m)
2026/02/12 10:13:10 Deduplicating stop A_1201 (duplicate of A_1200, distance: 8.65m)
2026/02/12 10:13:10 Deduplicating stop A_1829 (duplicate of A_1202, distance: 19.03m)
2026/02/12 10:13:10 Deduplicating stop A_1828 (duplicate of A_1205, distance: 10.72m)
2026/02/12 10:13:10 Deduplicating stop A_1827 (duplicate of A_1206, distance: 20.40m)
2026/02/12 10:13:10 Deduplicating stop A_1904 (duplicate of A_1207, distance: 20.64m)
2026/02/12 10:13:10 Deduplicating stop A_1209 (duplicate of A_1208, distance: 25.32m)
2026/02/12 10:13:10 Deduplicating stop A_1213 (duplicate of A_1212, distance: 14.48m)
2026/02/12 10:13:10 Deduplicating stop A_1772 (duplicate of A_1214, distance: 23.77m)
2026/02/12 10:13:10 Deduplicating stop A_1222 (duplicate of A_1220, distance: 26.07m)
2026/02/12 10:13:10 Deduplicating stop A_1226 (duplicate of A_1223, distance: 28.23m)
2026/02/12 10:13:10 Deduplicating stop A_2006 (duplicate of A_1225, distance: 10.76m)
2026/02/12 10:13:10 Deduplicating stop A_1228 (duplicate of A_1227, distance: 23.09m)
2026/02/12 10:13:10 Deduplicating stop A_1234 (duplicate of A_1231, distance: 10.56m)
2026/02/12 10:13:10 Deduplicating stop A_1291 (duplicate of A_1233, distance: 14.39m)
2026/02/12 10:13:10 Deduplicating stop A_2333 (duplicate of A_1236, distance: 23.28m)
2026/02/12 10:13:10 Deduplicating stop A_2172 (duplicate of A_1244, distance: 17.47m)
2026/02/12 10:13:10 Deduplicating stop A_2007 (duplicate of A_1249, distance: 21.05m)
2026/02/12 10:13:10 Deduplicating stop A_1252 (duplicate of A_1251, distance: 14.46m)
2026/02/12 10:13:10 Deduplicating stop A_1269 (duplicate of A_1257, distance: 21.67m)
2026/02/12 10:13:10 Deduplicating stop A_1262 (duplicate of A_1259, distance: 11.38m)
2026/02/12 10:13:10 Deduplicating stop A_1838 (duplicate of A_1260, distance: 8.97m)
2026/02/12 10:13:10 Deduplicating stop A_2302 (duplicate of A_1261, distance: 16.11m)
2026/02/12 10:13:10 Deduplicating stop A_2301 (duplicate of A_1263, distance: 7.38m)
2026/02/12 10:13:10 Deduplicating stop A_2300 (duplicate of A_1264, distance: 10.01m)
2026/02/12 10:13:10 Deduplicating stop A_1839 (duplicate of A_1265, distance: 12.91m)
2026/02/12 10:13:10 Deduplicating stop A_2328 (duplicate of A_1274, distance: 19.92m)
2026/02/12 10:13:10 Deduplicating stop A_1283 (duplicate of A_1278, distance: 16.51m)
2026/02/12 10:13:10 Deduplicating stop A_1803 (duplicate of A_1282, distance: 9.41m)
2026/02/12 10:13:10 Deduplicating stop A_1805 (duplicate of A_1287, distance: 23.32m)
2026/02/12 10:13:10 Deduplicating stop A_1297 (duplicate of A_1296, distance: 13.23m)
2026/02/12 10:13:10 Deduplicating stop A_1304 (duplicate of A_1302, distance: 14.91m)
2026/02/12 10:13:10 Deduplicating stop A_1924 (duplicate of A_1307, distance: 19.60m)
2026/02/12 10:13:10 Deduplicating stop A_1309 (duplicate of A_1308, distance: 8.86m)
2026/02/12 10:13:10 Deduplicating stop A_2008 (duplicate of A_1311, distance: 17.71m)
2026/02/12 10:13:10 Deduplicating stop A_1993 (duplicate of A_1312, distance: 12.53m)
2026/02/12 10:13:10 Deduplicating stop A_2010 (duplicate of A_1315, distance: 18.55m)
2026/02/12 10:13:10 Deduplicating stop A_1317 (duplicate of A_1316, distance: 12.78m)
2026/02/12 10:13:10 Deduplicating stop A_1324 (duplicate of A_1323, distance: 18.08m)
2026/02/12 10:13:10 Deduplicating stop A_2323 (duplicate of A_1326, distance: 10.58m)
2026/02/12 10:13:10 Deduplicating stop A_2324 (duplicate of A_1327, distance: 10.02m)
2026/02/12 10:13:10 Deduplicating stop A_2327 (duplicate of A_1328, distance: 9.86m)
2026/02/12 10:13:10 Deduplicating stop A_2322 (duplicate of A_1329, distance: 10.03m)
2026/02/12 10:13:10 Deduplicating stop A_2326 (duplicate of A_1330, distance: 8.57m)
2026/02/12 10:13:10 Deduplicating stop A_2325 (duplicate of A_1331, distance: 9.86m)
2026/02/12 10:13:10 Deduplicating stop A_1334 (duplicate of A_1332, distance: 29.42m)
2026/02/12 10:13:10 Deduplicating stop A_1339 (duplicate of A_1338, distance: 15.07m)
2026/02/12 10:13:10 Deduplicating stop A_2167 (duplicate of A_1341, distance: 9.42m)
2026/02/12 10:13:10 Deduplicating stop A_1872 (duplicate of A_1345, distance: 10.19m)
2026/02/12 10:13:10 Deduplicating stop A_1353 (duplicate of A_1350, distance: 6.82m)
2026/02/12 10:13:10 Deduplicating stop A_1352 (duplicate of A_1351, distance: 26.75m)
2026/02/12 10:13:10 Deduplicating stop A_1357 (duplicate of A_1356, distance: 18.05m)
2026/02/12 10:13:10 Deduplicating stop A_1360 (duplicate of A_1359, distance: 12.12m)
2026/02/12 10:13:10 Deduplicating stop A_1362 (duplicate of A_1361, distance: 27.08m)
2026/02/12 10:13:10 Deduplicating stop A_1367 (duplicate of A_1366, distance: 17.43m)
2026/02/12 10:13:10 Deduplicating stop A_1371 (duplicate of A_1370, distance: 13.84m)
2026/02/12 10:13:10 Deduplicating stop A_1375 (duplicate of A_1374, distance: 6.64m)
2026/02/12 10:13:10 Deduplicating stop A_1377 (duplicate of A_1376, distance: 15.95m)
2026/02/12 10:13:10 Deduplicating stop A_1378 (duplicate of A_1376, distance: 22.84m)
2026/02/12 10:13:10 Deduplicating stop A_1380 (duplicate of A_1379, distance: 13.79m)
2026/02/12 10:13:10 Deduplicating stop A_1381 (duplicate of A_1379, distance: 18.05m)
2026/02/12 10:13:10 Deduplicating stop A_1383 (duplicate of A_1382, distance: 13.61m)
2026/02/12 10:13:10 Deduplicating stop A_1384 (duplicate of A_1382, distance: 11.98m)
2026/02/12 10:13:10 Deduplicating stop A_1386 (duplicate of A_1385, distance: 16.13m)
2026/02/12 10:13:10 Deduplicating stop A_1388 (duplicate of A_1387, distance: 16.25m)
2026/02/12 10:13:10 Deduplicating stop A_1391 (duplicate of A_1389, distance: 10.40m)
2026/02/12 10:13:10 Deduplicating stop A_2033 (duplicate of A_1392, distance: 10.07m)
2026/02/12 10:13:10 Deduplicating stop A_1785 (duplicate of A_1415, distance: 8.88m)
2026/02/12 10:13:10 Deduplicating stop A_1783 (duplicate of A_1416, distance: 7.89m)
2026/02/12 10:13:10 Deduplicating stop A_1780 (duplicate of A_1417, distance: 8.56m)
2026/02/12 10:13:10 Deduplicating stop A_1470 (duplicate of A_1422, distance: 26.41m)
2026/02/12 10:13:10 Deduplicating stop A_1494 (duplicate of A_1430, distance: 17.42m)
2026/02/12 10:13:10 Deduplicating stop A_1833 (duplicate of A_1431, distance: 21.56m)
2026/02/12 10:13:10 Deduplicating stop A_1459 (duplicate of A_1452, distance: 25.45m)
2026/02/12 10:13:10 Deduplicating stop A_1457 (duplicate of A_1456, distance: 21.48m)
2026/02/12 10:13:10 Deduplicating stop A_1913 (duplicate of A_1460, distance: 7.63m)
2026/02/12 10:13:10 Deduplicating stop A_1786 (duplicate of A_1464, distance: 23.39m)
2026/02/12 10:13:10 Deduplicating stop A_1478 (duplicate of A_1477, distance: 14.32m)
2026/02/12 10:13:10 Deduplicating stop A_1776 (duplicate of A_1481, distance: 24.53m)
2026/02/12 10:13:10 Deduplicating stop A_1778 (duplicate of A_1481, distance: 6.74m)
2026/02/12 10:13:10 Deduplicating stop A_1483 (duplicate of A_1482, distance: 11.38m)
2026/02/12 10:13:10 Deduplicating stop A_1504 (duplicate of A_1503, distance: 9.95m)
2026/02/12 10:13:10 Deduplicating stop A_2252 (duplicate of A_1506, distance: 28.10m)
2026/02/12 10:13:10 Deduplicating stop A_1514 (duplicate of A_1513, distance: 13.97m)
2026/02/12 10:13:10 Deduplicating stop A_1520 (duplicate of A_1519, distance: 7.48m)
2026/02/12 10:13:10 Deduplicating stop A_2036 (duplicate of A_1521, distance: 10.05m)
2026/02/12 10:13:10 Deduplicating stop A_1531 (duplicate of A_1523, distance: 15.06m)
2026/02/12 10:13:10 Deduplicating stop A_1784 (duplicate of A_1524, distance: 5.88m)
2026/02/12 10:13:10 Deduplicating stop A_1530 (duplicate of A_1529, distance: 17.82m)
2026/02/12 10:13:10 Deduplicating stop A_1707 (duplicate of A_1538, distance: 24.62m)
2026/02/12 10:13:10 Deduplicating stop A_2275 (duplicate of A_1538, distance: 27.18m)
2026/02/12 10:13:10 Deduplicating stop A_1936 (duplicate of A_1576, distance: 20.13m)
2026/02/12 10:13:10 Deduplicating stop A_1937 (duplicate of A_1577, distance: 13.60m)
2026/02/12 10:13:10 Deduplicating stop A_1580 (duplicate of A_1578, distance: 26.61m)
2026/02/12 10:13:10 Deduplicating stop A_1938 (duplicate of A_1579, distance: 20.63m)
2026/02/12 10:13:10 Deduplicating stop A_1582 (duplicate of A_1581, distance: 26.54m)
2026/02/12 10:13:10 Deduplicating stop A_1586 (duplicate of A_1585, distance: 8.25m)
2026/02/12 10:13:10 Deduplicating stop A_1588 (duplicate of A_1587, distance: 23.91m)
2026/02/12 10:13:10 Deduplicating stop A_2314 (duplicate of A_1589, distance: 11.69m)
2026/02/12 10:13:10 Deduplicating stop A_1593 (duplicate of A_1592, distance: 21.95m)
2026/02/12 10:13:10 Deduplicating stop A_1611 (duplicate of A_1610, distance: 22.45m)
2026/02/12 10:13:10 Deduplicating stop A_2218 (duplicate of A_1618, distance: 12.97m)
2026/02/12 10:13:10 Deduplicating stop A_2217 (duplicate of A_1619, distance: 8.95m)
2026/02/12 10:13:10 Deduplicating stop A_2309 (duplicate of A_1624, distance: 9.56m)
2026/02/12 10:13:10 Deduplicating stop A_1763 (duplicate of A_1629, distance: 19.76m)
2026/02/12 10:13:10 Deduplicating stop A_1764 (duplicate of A_1634, distance: 10.02m)
2026/02/12 10:13:10 Deduplicating stop A_1990 (duplicate of A_1637, distance: 6.52m)
2026/02/12 10:13:10 Deduplicating stop A_1649 (duplicate of A_1648, distance: 24.28m)
2026/02/12 10:13:10 Deduplicating stop A_1706 (duplicate of A_1654, distance: 25.35m)
2026/02/12 10:13:10 Deduplicating stop A_2226 (duplicate of A_1662, distance: 8.84m)
2026/02/12 10:13:10 Deduplicating stop A_1674 (duplicate of A_1672, distance: 21.49m)
2026/02/12 10:13:10 Deduplicating stop A_2124 (duplicate of A_1676, distance: 11.89m)
2026/02/12 10:13:10 Deduplicating stop A_1754 (duplicate of A_1683, distance: 22.06m)
2026/02/12 10:13:10 Deduplicating stop A_2121 (duplicate of A_1688, distance: 25.09m)
2026/02/12 10:13:10 Deduplicating stop A_2158 (duplicate of A_1700, distance: 11.21m)
2026/02/12 10:13:10 Deduplicating stop A_1702 (duplicate of A_1701, distance: 21.22m)
2026/02/12 10:13:10 Deduplicating stop A_2137 (duplicate of A_1705, distance: 13.00m)
2026/02/12 10:13:10 Deduplicating stop A_1710 (duplicate of A_1708, distance: 19.33m)
2026/02/12 10:13:10 Deduplicating stop A_2157 (duplicate of A_1709, distance: 25.60m)
2026/02/12 10:13:10 Deduplicating stop A_2350 (duplicate of A_1712, distance: 8.98m)
2026/02/12 10:13:10 Deduplicating stop A_2349 (duplicate of A_1713, distance: 9.86m)
2026/02/12 10:13:10 Deduplicating stop A_1721 (duplicate of A_1720, distance: 23.76m)
2026/02/12 10:13:10 Deduplicating stop A_1734 (duplicate of A_1732, distance: 10.41m)
2026/02/12 10:13:10 Deduplicating stop A_2224 (duplicate of A_1733, distance: 11.26m)
2026/02/12 10:13:10 Deduplicating stop A_1921 (duplicate of A_1740, distance: 8.89m)
2026/02/12 10:13:10 Deduplicating stop A_2225 (duplicate of A_1750, distance: 14.71m)
2026/02/12 10:13:10 Deduplicating stop A_2125 (duplicate of A_1755, distance: 18.69m)
2026/02/12 10:13:10 Deduplicating stop A_2268 (duplicate of A_1756, distance: 7.04m)
2026/02/12 10:13:10 Deduplicating stop A_2271 (duplicate of A_1757, distance: 8.10m)
2026/02/12 10:13:10 Deduplicating stop A_1760 (duplicate of A_1759, distance: 11.12m)
2026/02/12 10:13:10 Deduplicating stop A_2274 (duplicate of A_1761, distance: 9.82m)
2026/02/12 10:13:10 Deduplicating stop A_1779 (duplicate of A_1777, distance: 5.72m)
2026/02/12 10:13:10 Deduplicating stop A_1782 (duplicate of A_1781, distance: 6.13m)
2026/02/12 10:13:10 Deduplicating stop A_1793 (duplicate of A_1792, distance: 20.71m)
2026/02/12 10:13:10 Deduplicating stop A_1802 (duplicate of A_1801, distance: 22.80m)
2026/02/12 10:13:10 Deduplicating stop A_2002 (duplicate of A_1808, distance: 14.47m)
2026/02/12 10:13:10 Deduplicating stop A_1817 (duplicate of A_1816, distance: 9.69m)
2026/02/12 10:13:10 Deduplicating stop A_1825 (duplicate of A_1824, distance: 26.43m)
2026/02/12 10:13:10 Deduplicating stop A_1835 (duplicate of A_1834, distance: 9.55m)
2026/02/12 10:13:10 Deduplicating stop A_1842 (duplicate of A_1840, distance: 12.55m)
2026/02/12 10:13:10 Deduplicating stop A_1845 (duplicate of A_1844, distance: 10.96m)
2026/02/12 10:13:10 Deduplicating stop A_1847 (duplicate of A_1846, distance: 9.34m)
2026/02/12 10:13:10 Deduplicating stop A_1849 (duplicate of A_1848, distance: 16.14m)
2026/02/12 10:13:10 Deduplicating stop A_1851 (duplicate of A_1850, distance: 20.05m)
2026/02/12 10:13:10 Deduplicating stop A_1854 (duplicate of A_1853, distance: 18.54m)
2026/02/12 10:13:10 Deduplicating stop A_1859 (duplicate of A_1858, distance: 26.51m)
2026/02/12 10:13:10 Deduplicating stop A_1867 (duplicate of A_1866, distance: 8.85m)
2026/02/12 10:13:10 Deduplicating stop A_1871 (duplicate of A_1870, distance: 12.16m)
2026/02/12 10:13:10 Deduplicating stop A_1882 (duplicate of A_1881, distance: 27.33m)
2026/02/12 10:13:10 Deduplicating stop A_1888 (duplicate of A_1887, distance: 28.09m)
2026/02/12 10:13:10 Deduplicating stop A_1891 (duplicate of A_1890, distance: 13.01m)
2026/02/12 10:13:10 Deduplicating stop A_1900 (duplicate of A_1899, distance: 10.18m)
2026/02/12 10:13:10 Deduplicating stop A_1902 (duplicate of A_1901, distance: 9.14m)
2026/02/12 10:13:10 Deduplicating stop A_1909 (duplicate of A_1908, distance: 10.32m)
2026/02/12 10:13:10 Deduplicating stop A_1915 (duplicate of A_1914, distance: 11.91m)
2026/02/12 10:13:10 Deduplicating stop A_1926 (duplicate of A_1925, distance: 13.65m)
2026/02/12 10:13:10 Deduplicating stop A_1928 (duplicate of A_1927, distance: 8.91m)
2026/02/12 10:13:10 Deduplicating stop A_1930 (duplicate of A_1929, distance: 9.45m)
2026/02/12 10:13:10 Deduplicating stop A_1932 (duplicate of A_1931, distance: 17.09m)
2026/02/12 10:13:10 Deduplicating stop A_2004 (duplicate of A_1934, distance: 16.98m)
2026/02/12 10:13:10 Deduplicating stop A_1940 (duplicate of A_1939, distance: 12.98m)
2026/02/12 10:13:10 Deduplicating stop A_1943 (duplicate of A_1942, distance: 23.28m)
2026/02/12 10:13:10 Deduplicating stop A_1945 (duplicate of A_1944, distance: 7.03m)
2026/02/12 10:13:10 Deduplicating stop A_1947 (duplicate of A_1946, distance: 8.90m)
2026/02/12 10:13:10 Deduplicating stop A_1949 (duplicate of A_1948, distance: 11.45m)
2026/02/12 10:13:10 Deduplicating stop A_1952 (duplicate of A_1951, distance: 16.79m)
2026/02/12 10:13:10 Deduplicating stop A_1955 (duplicate of A_1954, distance: 26.22m)
2026/02/12 10:13:10 Deduplicating stop A_1957 (duplicate of A_1956, distance: 21.68m)
2026/02/12 10:13:10 Deduplicating stop A_1959 (duplicate of A_1958, distance: 17.71m)
2026/02/12 10:13:10 Deduplicating stop A_1962 (duplicate of A_1961, distance: 12.22m)
2026/02/12 10:13:10 Deduplicating stop A_1964 (duplicate of A_1963, distance: 28.41m)
2026/02/12 10:13:10 Deduplicating stop A_2175 (duplicate of A_1966, distance: 15.25m)
2026/02/12 10:13:10 Deduplicating stop A_1968 (duplicate of A_1967, distance: 9.64m)
2026/02/12 10:13:10 Deduplicating stop A_1971 (duplicate of A_1970, distance: 10.13m)
2026/02/12 10:13:10 Deduplicating stop A_1973 (duplicate of A_1972, distance: 8.42m)
2026/02/12 10:13:10 Deduplicating stop A_1975 (duplicate of A_1974, distance: 10.09m)
2026/02/12 10:13:10 Deduplicating stop A_1983 (duplicate of A_1982, distance: 24.63m)
2026/02/12 10:13:10 Deduplicating stop A_1985 (duplicate of A_1984, distance: 19.92m)
2026/02/12 10:13:10 Deduplicating stop A_1989 (duplicate of A_1988, distance: 9.53m)
2026/02/12 10:13:10 Deduplicating stop A_1998 (duplicate of A_1997, distance: 11.91m)
2026/02/12 10:13:10 Deduplicating stop A_2012 (duplicate of A_2011, distance: 8.64m)
2026/02/12 10:13:10 Deduplicating stop A_2030 (duplicate of A_2029, distance: 11.19m)
2026/02/12 10:13:10 Deduplicating stop A_2032 (duplicate of A_2031, distance: 8.84m)
2026/02/12 10:13:10 Deduplicating stop A_2035 (duplicate of A_2034, distance: 8.59m)
2026/02/12 10:13:10 Deduplicating stop A_2038 (duplicate of A_2037, distance: 5.50m)
2026/02/12 10:13:10 Deduplicating stop A_2040 (duplicate of A_2039, distance: 4.79m)
2026/02/12 10:13:10 Deduplicating stop A_2051 (duplicate of A_2050, distance: 14.39m)
2026/02/12 10:13:10 Deduplicating stop A_2056 (duplicate of A_2055, distance: 9.91m)
2026/02/12 10:13:10 Deduplicating stop A_2058 (duplicate of A_2057, distance: 12.11m)
2026/02/12 10:13:10 Deduplicating stop A_2060 (duplicate of A_2059, distance: 9.91m)
2026/02/12 10:13:10 Deduplicating stop A_2062 (duplicate of A_2061, distance: 5.89m)
2026/02/12 10:13:10 Deduplicating stop A_2064 (duplicate of A_2063, distance: 11.76m)
2026/02/12 10:13:10 Deduplicating stop A_2066 (duplicate of A_2065, distance: 6.64m)
2026/02/12 10:13:10 Deduplicating stop A_2068 (duplicate of A_2067, distance: 19.79m)
2026/02/12 10:13:10 Deduplicating stop A_2072 (duplicate of A_2071, distance: 11.54m)
2026/02/12 10:13:10 Deduplicating stop A_2100 (duplicate of A_2099, distance: 8.94m)
2026/02/12 10:13:10 Deduplicating stop A_2102 (duplicate of A_2101, distance: 7.75m)
2026/02/12 10:13:10 Deduplicating stop A_2104 (duplicate of A_2103, distance: 10.24m)
2026/02/12 10:13:10 Deduplicating stop A_2108 (duplicate of A_2107, distance: 14.25m)
2026/02/12 10:13:10 Deduplicating stop A_2111 (duplicate of A_2110, distance: 14.19m)
2026/02/12 10:13:10 Deduplicating stop A_2113 (duplicate of A_2112, distance: 11.12m)
2026/02/12 10:13:10 Deduplicating stop A_2115 (duplicate of A_2114, distance: 12.19m)
2026/02/12 10:13:10 Deduplicating stop A_2119 (duplicate of A_2118, distance: 18.51m)
2026/02/12 10:13:10 Deduplicating stop A_2123 (duplicate of A_2122, distance: 9.46m)
2026/02/12 10:13:10 Deduplicating stop A_2128 (duplicate of A_2127, distance: 6.27m)
2026/02/12 10:13:10 Deduplicating stop A_2145 (duplicate of A_2143, distance: 5.30m)
2026/02/12 10:13:10 Deduplicating stop A_2151 (duplicate of A_2150, distance: 15.68m)
2026/02/12 10:13:10 Deduplicating stop A_2154 (duplicate of A_2153, distance: 9.40m)
2026/02/12 10:13:10 Deduplicating stop A_2161 (duplicate of A_2160, distance: 8.98m)
2026/02/12 10:13:10 Deduplicating stop A_2163 (duplicate of A_2162, distance: 12.70m)
2026/02/12 10:13:10 Deduplicating stop A_2166 (duplicate of A_2165, distance: 13.35m)
2026/02/12 10:13:10 Deduplicating stop A_2169 (duplicate of A_2168, distance: 14.26m)
2026/02/12 10:13:10 Deduplicating stop A_2174 (duplicate of A_2173, distance: 12.41m)
2026/02/12 10:13:10 Deduplicating stop A_2177 (duplicate of A_2176, distance: 15.43m)
2026/02/12 10:13:10 Deduplicating stop A_2179 (duplicate of A_2178, distance: 15.47m)
2026/02/12 10:13:10 Deduplicating stop A_2181 (duplicate of A_2180, distance: 11.01m)
2026/02/12 10:13:10 Deduplicating stop A_2184 (duplicate of A_2183, distance: 19.78m)
2026/02/12 10:13:10 Deduplicating stop A_2186 (duplicate of A_2185, distance: 18.30m)
2026/02/12 10:13:10 Deduplicating stop A_2194 (duplicate of A_2193, distance: 20.92m)
2026/02/12 10:13:10 Deduplicating stop A_2196 (duplicate of A_2195, distance: 13.80m)
2026/02/12 10:13:10 Deduplicating stop A_2199 (duplicate of A_2198, distance: 13.43m)
2026/02/12 10:13:10 Deduplicating stop A_2205 (duplicate of A_2204, distance: 5.62m)
2026/02/12 10:13:10 Deduplicating stop A_2208 (duplicate of A_2207, distance: 8.17m)
2026/02/12 10:13:10 Deduplicating stop A_2210 (duplicate of A_2209, distance: 11.92m)
2026/02/12 10:13:10 Deduplicating stop A_2212 (duplicate of A_2211, distance: 7.42m)
2026/02/12 10:13:10 Deduplicating stop A_2216 (duplicate of A_2215, distance: 24.39m)
2026/02/12 10:13:10 Deduplicating stop A_2221 (duplicate of A_2220, distance: 7.11m)
2026/02/12 10:13:10 Deduplicating stop A_2230 (duplicate of A_2229, distance: 8.41m)
2026/02/12 10:13:10 Deduplicating stop A_2233 (duplicate of A_2232, distance: 10.56m)
2026/02/12 10:13:10 Deduplicating stop A_2246 (duplicate of A_2245, distance: 22.89m)
2026/02/12 10:13:10 Deduplicating stop A_2248 (duplicate of A_2247, distance: 27.89m)
2026/02/12 10:13:10 Deduplicating stop A_2251 (duplicate of A_2250, distance: 17.86m)
2026/02/12 10:13:10 Deduplicating stop A_2259 (duplicate of A_2258, distance: 14.73m)
2026/02/12 10:13:10 Deduplicating stop A_2261 (duplicate of A_2260, distance: 13.98m)
2026/02/12 10:13:10 Deduplicating stop A_2264 (duplicate of A_2262, distance: 14.72m)
2026/02/12 10:13:10 Deduplicating stop A_2270 (duplicate of A_2269, distance: 9.61m)
2026/02/12 10:13:10 Deduplicating stop A_2279 (duplicate of A_2278, distance: 10.66m)
2026/02/12 10:13:10 Deduplicating stop A_2281 (duplicate of A_2280, distance: 7.31m)
2026/02/12 10:13:10 Deduplicating stop A_2283 (duplicate of A_2282, distance: 6.04m)
2026/02/12 10:13:10 Deduplicating stop A_2285 (duplicate of A_2284, distance: 5.65m)
2026/02/12 10:13:10 Deduplicating stop A_2289 (duplicate of A_2288, distance: 9.69m)
2026/02/12 10:13:10 Deduplicating stop A_2291 (duplicate of A_2290, distance: 9.05m)
2026/02/12 10:13:10 Deduplicating stop A_2294 (duplicate of A_2293, distance: 16.10m)
2026/02/12 10:13:10 Deduplicating stop A_2297 (duplicate of A_2296, distance: 11.07m)
2026/02/12 10:13:10 Deduplicating stop A_2299 (duplicate of A_2298, distance: 12.82m)
2026/02/12 10:13:10 Deduplicating stop A_2304 (duplicate of A_2303, distance: 5.69m)
2026/02/12 10:13:10 Deduplicating stop A_2306 (duplicate of A_2305, distance: 18.68m)
2026/02/12 10:13:10 Deduplicating stop A_2308 (duplicate of A_2307, distance: 12.22m)
2026/02/12 10:13:10 Deduplicating stop A_2312 (duplicate of A_2311, distance: 15.99m)
2026/02/12 10:13:10 Deduplicating stop A_2316 (duplicate of A_2315, distance: 11.03m)
2026/02/12 10:13:10 Deduplicating stop A_2321 (duplicate of A_2319, distance: 9.64m)
2026/02/12 10:13:10 Deduplicating stop A_2330 (duplicate of A_2329, distance: 8.75m)
2026/02/12 10:13:10 Deduplicating stop A_2332 (duplicate of A_2331, distance: 14.90m)
2026/02/12 10:13:10 Deduplicating stop A_2336 (duplicate of A_2335, distance: 8.36m)
2026/02/12 10:13:10 Deduplicating stop A_2338 (duplicate of A_2337, distance: 7.00m)
2026/02/12 10:13:10 Deduplicating stop A_2340 (duplicate of A_2339, distance: 8.45m)
2026/02/12 10:13:10 Deduplicating stop A_2342 (duplicate of A_2341, distance: 20.53m)
2026/02/12 10:13:10 Deduplicating stop A_2345 (duplicate of A_2344, distance: 16.73m)
2026/02/12 10:13:10 Deduplicating stop A_2353 (duplicate of A_2352, distance: 11.88m)
2026/02/12 10:13:10 Deduplicating stop A_2355 (duplicate of A_2354, distance: 11.87m)
2026/02/12 10:13:10 Deduplicating stop A_2357 (duplicate of A_2356, distance: 12.99m)
2026/02/12 10:13:10 Deduplicating stop A_2359 (duplicate of A_2358, distance: 10.54m)
2026/02/12 10:13:10 Deduplicating stop A_2361 (duplicate of A_2360, distance: 8.40m)
2026/02/12 10:13:10 Deduplicating stop A_2363 (duplicate of A_2362, distance: 10.18m)
2026/02/12 10:13:10 Deduplicating stop A_2365 (duplicate of A_2364, distance: 9.91m)
2026/02/12 10:13:10 Deduplicating stop A_2370 (duplicate of A_2369, distance: 10.54m)
2026/02/12 10:13:10 Deduplicating stop A_2372 (duplicate of A_2371, distance: 12.27m)
2026/02/12 10:13:10 Deduplicating stop A_2374 (duplicate of A_2373, distance: 11.85m)
2026/02/12 10:13:10 Deduplicating stop A_2376 (duplicate of A_2375, distance: 21.28m)
2026/02/12 10:13:10 Deduplicating stop A_2378 (duplicate of A_2377, distance: 20.46m)
2026/02/12 10:13:10 Deduplicating stop A_2380 (duplicate of A_2379, distance: 10.27m)
2026/02/12 10:13:10 Deduplicating stop A_2382 (duplicate of A_2381, distance: 22.14m)
2026/02/12 10:13:10 Deduplicating stop A_2388 (duplicate of A_2387, distance: 9.87m)
2026/02/12 10:13:10 Deduplicating stop A_2390 (duplicate of A_2389, distance: 23.65m)
2026/02/12 10:13:10 Deduplicating stop A_2396 (duplicate of A_2395, distance: 24.69m)
2026/02/12 10:13:10 Deduplicating stop A_2398 (duplicate of A_2397, distance: 22.15m)
2026/02/12 10:13:10 Deduplicating stop A_2400 (duplicate of A_2399, distance: 21.94m)
2026/02/12 10:13:10 Deduplicating stop A_2557 (duplicate of A_2556, distance: 24.71m)
2026/02/12 10:13:10 Deduplicating stop A_2257 (duplicate of A_2556, distance: 24.71m)
2026/02/12 10:13:10 Deduplicating stop A_2256 (duplicate of A_2556, distance: 0.00m)
2026/02/12 10:13:10 Deduplicated 2401 stops to 1726 (removed 675 duplicates)
2026/02/12 10:13:10 Step 4/5: Importing stops and routes to database...
2026/02/12 10:13:10 Imported 1726 stops
2026/02/12 10:13:10 Imported 73 routes
2026/02/12 10:13:10 Step 5/5: Building routing graph...
2026/02/12 10:13:10 Starting graph construction...
2026/02/12 10:13:10 Found 6669 unique (stop, route) pairs
2026/02/12 10:13:11 Created 6669 nodes
2026/02/12 10:14:32 Created 667579 RIDE edges
2026/02/12 10:14:32 Building WALK edges for stops within 500 meters...
2026/02/12 10:14:41 Created 100000 WALK edges
2026/02/12 10:14:41 Building TRANSFER edges for same-stop transfers...
2026/02/12 10:14:44 Created 60332 TRANSFER edges
2026/02/12 10:14:44 Created 827911 edges
2026/02/12 10:14:44 Analyzed table: stop
2026/02/12 10:14:44 Analyzed table: route
2026/02/12 10:14:44 Analyzed table: node
2026/02/12 10:14:45 Analyzed table: edge
2026/02/12 10:14:45 Graph construction completed successfully
2026/02/12 10:14:45 Import completed in 1m36.442119527s
2026/02/12 10:14:45 Import completed successfully!

✅ All GTFS files imported!

📊 Database statistics:
 table_name |  count  
------------+---------
 Stops      |    2855
 Routes     |     134
 Nodes      |    9654
 Edges      | 1284908
(4 rows)

